2026-06-16T14:23:40.618+01:00  INFO 33448 --- [main] com.sagem.g2ii.G2iiApplication           : Starting G2iiApplication using Java 17.0.8.1 with PID 33448 (D:\Test pfe 2026\g2ii\target\classes started by LENOVO in D:\Test pfe 2026\g2ii)
2026-06-16T14:23:40.625+01:00 DEBUG 33448 --- [main] com.sagem.g2ii.G2iiApplication           : Running with Spring Boot v3.1.8, Spring v6.0.16
2026-06-16T14:23:40.627+01:00  INFO 33448 --- [main] com.sagem.g2ii.G2iiApplication           : No active profile set, falling back to 1 default profile: "default"
2026-06-16T14:23:43.681+01:00  INFO 33448 --- [main] .s.d.r.c.RepositoryConfigurationDelegate : Bootstrapping Spring Data JPA repositories in DEFAULT mode.
2026-06-16T14:23:44.029+01:00  INFO 33448 --- [main] .s.d.r.c.RepositoryConfigurationDelegate : Finished Spring Data repository scanning in 331 ms. Found 24 JPA repository interfaces.
2026-06-16T14:23:45.264+01:00  INFO 33448 --- [main] o.s.b.w.embedded.tomcat.TomcatWebServer  : Tomcat initialized with port(s): 8070 (http)
2026-06-16T14:23:45.294+01:00  INFO 33448 --- [main] o.apache.catalina.core.StandardService   : Starting service [Tomcat]
2026-06-16T14:23:45.295+01:00  INFO 33448 --- [main] o.apache.catalina.core.StandardEngine    : Starting Servlet engine: [Apache Tomcat/10.1.18]
2026-06-16T14:23:45.521+01:00  INFO 33448 --- [main] o.a.c.c.C.[Tomcat].[localhost].[/]       : Initializing Spring embedded WebApplicationContext
2026-06-16T14:23:45.526+01:00  INFO 33448 --- [main] w.s.c.ServletWebServerApplicationContext : Root WebApplicationContext: initialization completed in 4790 ms
2026-06-16T14:23:45.897+01:00  INFO 33448 --- [main] o.hibernate.jpa.internal.util.LogHelper  : HHH000204: Processing PersistenceUnitInfo [name: default]
2026-06-16T14:23:46.052+01:00  INFO 33448 --- [main] org.hibernate.Version                    : HHH000412: Hibernate ORM core version 6.2.20.Final
2026-06-16T14:23:46.057+01:00  INFO 33448 --- [main] org.hibernate.cfg.Environment            : HHH000406: Using bytecode reflection optimizer
2026-06-16T14:23:46.603+01:00  INFO 33448 --- [main] o.s.o.j.p.SpringPersistenceUnitInfo      : No LoadTimeWeaver setup: ignoring JPA class transformer
2026-06-16T14:23:46.647+01:00  INFO 33448 --- [main] com.zaxxer.hikari.HikariDataSource       : HikariPool-1 - Starting...
2026-06-16T14:23:46.995+01:00  INFO 33448 --- [main] com.zaxxer.hikari.pool.HikariPool        : HikariPool-1 - Added connection org.postgresql.jdbc.PgConnection@47ef5a33
2026-06-16T14:23:46.997+01:00  INFO 33448 --- [main] com.zaxxer.hikari.HikariDataSource       : HikariPool-1 - Start completed.
2026-06-16T14:23:47.069+01:00  WARN 33448 --- [main] org.hibernate.orm.deprecation            : HHH90000025: PostgreSQLDialect does not need to be specified explicitly using 'hibernate.dialect' (remove the property setting and it will be selected by default)
2026-06-16T14:23:49.289+01:00  INFO 33448 --- [main] o.h.e.t.j.p.i.JtaPlatformInitiator       : HHH000489: No JTA platform available (set 'hibernate.transaction.jta.platform' to enable JTA platform integration)
2026-06-16T14:23:49.837+01:00  INFO 33448 --- [main] j.LocalContainerEntityManagerFactoryBean : Initialized JPA EntityManagerFactory for persistence unit 'default'
2026-06-16T14:23:50.585+01:00 DEBUG 33448 --- [main] c.s.g.securiter.JwtAuthenticationFilter  : Filter 'jwtAuthenticationFilter' configured for use
2026-06-16T14:23:51.048+01:00  INFO 33448 --- [main] o.s.d.j.r.query.QueryEnhancerFactory     : Hibernate is in classpath; If applicable, HQL parser will be used.
2026-06-16T14:23:54.114+01:00  WARN 33448 --- [main] JpaBaseConfiguration$JpaWebConfiguration : spring.jpa.open-in-view is enabled by default. Therefore, database queries may be performed during view rendering. Explicitly configure spring.jpa.open-in-view to disable this warning
2026-06-16T14:23:54.955+01:00  INFO 33448 --- [main] o.s.s.web.DefaultSecurityFilterChain     : Will secure any request with [org.springframework.security.web.session.DisableEncodeUrlFilter@1e1f9de4, org.springframework.security.web.context.request.async.WebAsyncManagerIntegrationFilter@60eabf53, org.springframework.security.web.context.SecurityContextHolderFilter@5ed76e4f, org.springframework.security.web.header.HeaderWriterFilter@6771c4d8, org.springframework.web.filter.CorsFilter@72a2b17d, org.springframework.security.web.authentication.logout.LogoutFilter@1531ec6, com.sagem.g2ii.securiter.JwtAuthenticationFilter@69c7fe78, org.springframework.security.web.savedrequest.RequestCacheAwareFilter@5a5183ed, org.springframework.security.web.servletapi.SecurityContextHolderAwareRequestFilter@46ddacb, org.springframework.security.web.authentication.AnonymousAuthenticationFilter@5ab7ef8a, org.springframework.security.web.session.SessionManagementFilter@5471182c, org.springframework.security.web.access.ExceptionTranslationFilter@27a93cfa, org.springframework.security.web.access.intercept.AuthorizationFilter@30d9da5e]
2026-06-16T14:23:55.696+01:00  WARN 33448 --- [main] ConfigServletWebServerApplicationContext : Exception encountered during context initialization - cancelling refresh attempt: org.springframework.context.ApplicationContextException: Failed to start bean 'webServerStartStop'
2026-06-16T14:23:55.709+01:00  INFO 33448 --- [main] j.LocalContainerEntityManagerFactoryBean : Closing JPA EntityManagerFactory for persistence unit 'default'
2026-06-16T14:23:55.714+01:00  INFO 33448 --- [main] com.zaxxer.hikari.HikariDataSource       : HikariPool-1 - Shutdown initiated...
2026-06-16T14:23:55.740+01:00  INFO 33448 --- [main] com.zaxxer.hikari.HikariDataSource       : HikariPool-1 - Shutdown completed.
2026-06-16T14:23:55.747+01:00  INFO 33448 --- [main] o.apache.catalina.core.StandardService   : Stopping service [Tomcat]
2026-06-16T14:23:55.794+01:00  INFO 33448 --- [main] .s.b.a.l.ConditionEvaluationReportLogger : 

Error starting ApplicationContext. To display the condition evaluation report re-run your application with 'debug' enabled.
2026-06-16T14:23:55.835+01:00 ERROR 33448 --- [main] o.s.b.d.LoggingFailureAnalysisReporter   : 

***************************
APPLICATION FAILED TO START
***************************

Description:

Web server failed to start. Port 8070 was already in use.

Action:

Identify and stop the process that's listening on port 8070 or configure this application to listen on another port.

2026-06-16T14:25:12.403+01:00  INFO 24448 --- [main] com.sagem.g2ii.G2iiApplication           : Starting G2iiApplication using Java 17.0.8.1 with PID 24448 (D:\Test pfe 2026\g2ii\target\classes started by LENOVO in D:\Test pfe 2026\g2ii)
2026-06-16T14:25:12.406+01:00 DEBUG 24448 --- [main] com.sagem.g2ii.G2iiApplication           : Running with Spring Boot v3.1.8, Spring v6.0.16
2026-06-16T14:25:12.407+01:00  INFO 24448 --- [main] com.sagem.g2ii.G2iiApplication           : No active profile set, falling back to 1 default profile: "default"
2026-06-16T14:25:13.778+01:00  INFO 24448 --- [main] .s.d.r.c.RepositoryConfigurationDelegate : Bootstrapping Spring Data JPA repositories in DEFAULT mode.
2026-06-16T14:25:14.102+01:00  INFO 24448 --- [main] .s.d.r.c.RepositoryConfigurationDelegate : Finished Spring Data repository scanning in 307 ms. Found 24 JPA repository interfaces.
2026-06-16T14:25:15.005+01:00  INFO 24448 --- [main] o.s.b.w.embedded.tomcat.TomcatWebServer  : Tomcat initialized with port(s): 8070 (http)
2026-06-16T14:25:15.014+01:00  INFO 24448 --- [main] o.apache.catalina.core.StandardService   : Starting service [Tomcat]
2026-06-16T14:25:15.015+01:00  INFO 24448 --- [main] o.apache.catalina.core.StandardEngine    : Starting Servlet engine: [Apache Tomcat/10.1.18]
2026-06-16T14:25:15.143+01:00  INFO 24448 --- [main] o.a.c.c.C.[Tomcat].[localhost].[/]       : Initializing Spring embedded WebApplicationContext
2026-06-16T14:25:15.144+01:00  INFO 24448 --- [main] w.s.c.ServletWebServerApplicationContext : Root WebApplicationContext: initialization completed in 2663 ms
2026-06-16T14:25:15.316+01:00  INFO 24448 --- [main] o.hibernate.jpa.internal.util.LogHelper  : HHH000204: Processing PersistenceUnitInfo [name: default]
2026-06-16T14:25:15.389+01:00  INFO 24448 --- [main] org.hibernate.Version                    : HHH000412: Hibernate ORM core version 6.2.20.Final
2026-06-16T14:25:15.392+01:00  INFO 24448 --- [main] org.hibernate.cfg.Environment            : HHH000406: Using bytecode reflection optimizer
2026-06-16T14:25:15.714+01:00  INFO 24448 --- [main] o.s.o.j.p.SpringPersistenceUnitInfo      : No LoadTimeWeaver setup: ignoring JPA class transformer
2026-06-16T14:25:15.741+01:00  INFO 24448 --- [main] com.zaxxer.hikari.HikariDataSource       : HikariPool-1 - Starting...
2026-06-16T14:25:15.936+01:00  INFO 24448 --- [main] com.zaxxer.hikari.pool.HikariPool        : HikariPool-1 - Added connection org.postgresql.jdbc.PgConnection@7ac685ef
2026-06-16T14:25:15.938+01:00  INFO 24448 --- [main] com.zaxxer.hikari.HikariDataSource       : HikariPool-1 - Start completed.
2026-06-16T14:25:15.973+01:00  WARN 24448 --- [main] org.hibernate.orm.deprecation            : HHH90000025: PostgreSQLDialect does not need to be specified explicitly using 'hibernate.dialect' (remove the property setting and it will be selected by default)
2026-06-16T14:25:17.452+01:00  INFO 24448 --- [main] o.h.e.t.j.p.i.JtaPlatformInitiator       : HHH000489: No JTA platform available (set 'hibernate.transaction.jta.platform' to enable JTA platform integration)
2026-06-16T14:25:17.773+01:00  INFO 24448 --- [main] j.LocalContainerEntityManagerFactoryBean : Initialized JPA EntityManagerFactory for persistence unit 'default'
2026-06-16T14:25:18.195+01:00 DEBUG 24448 --- [main] c.s.g.securiter.JwtAuthenticationFilter  : Filter 'jwtAuthenticationFilter' configured for use
2026-06-16T14:25:18.533+01:00  INFO 24448 --- [main] o.s.d.j.r.query.QueryEnhancerFactory     : Hibernate is in classpath; If applicable, HQL parser will be used.
2026-06-16T14:25:20.044+01:00  WARN 24448 --- [main] JpaBaseConfiguration$JpaWebConfiguration : spring.jpa.open-in-view is enabled by default. Therefore, database queries may be performed during view rendering. Explicitly configure spring.jpa.open-in-view to disable this warning
2026-06-16T14:25:20.462+01:00  INFO 24448 --- [main] o.s.s.web.DefaultSecurityFilterChain     : Will secure any request with [org.springframework.security.web.session.DisableEncodeUrlFilter@135d3ade, org.springframework.security.web.context.request.async.WebAsyncManagerIntegrationFilter@54e9d42e, org.springframework.security.web.context.SecurityContextHolderFilter@27a93cfa, org.springframework.security.web.header.HeaderWriterFilter@45d3c1ce, org.springframework.web.filter.CorsFilter@3d876f9e, org.springframework.security.web.authentication.logout.LogoutFilter@16a58368, com.sagem.g2ii.securiter.JwtAuthenticationFilter@70720b78, org.springframework.security.web.savedrequest.RequestCacheAwareFilter@6771c4d8, org.springframework.security.web.servletapi.SecurityContextHolderAwareRequestFilter@44ca5127, org.springframework.security.web.authentication.AnonymousAuthenticationFilter@24bbe3c6, org.springframework.security.web.session.SessionManagementFilter@5d7341a8, org.springframework.security.web.access.ExceptionTranslationFilter@539fe2b8, org.springframework.security.web.access.intercept.AuthorizationFilter@1a8bbf04]
2026-06-16T14:25:20.915+01:00  INFO 24448 --- [main] o.s.b.w.embedded.tomcat.TomcatWebServer  : Tomcat started on port(s): 8070 (http) with context path ''
2026-06-16T14:25:20.917+01:00  INFO 24448 --- [main] o.s.m.s.b.SimpleBrokerMessageHandler     : Starting...
2026-06-16T14:25:20.920+01:00  INFO 24448 --- [main] o.s.m.s.b.SimpleBrokerMessageHandler     : BrokerAvailabilityEvent[available=true, SimpleBrokerMessageHandler [org.springframework.messaging.simp.broker.DefaultSubscriptionRegistry@5d100d1b]]
2026-06-16T14:25:20.920+01:00  INFO 24448 --- [main] o.s.m.s.b.SimpleBrokerMessageHandler     : Started.
2026-06-16T14:25:20.934+01:00  INFO 24448 --- [main] com.sagem.g2ii.G2iiApplication           : Started G2iiApplication in 9.13 seconds (process running for 9.793)
2026-06-16T14:26:20.419+01:00  INFO 24448 --- [http-nio-8070-exec-1] o.a.c.c.C.[Tomcat].[localhost].[/]       : Initializing Spring DispatcherServlet 'dispatcherServlet'
2026-06-16T14:26:20.420+01:00  INFO 24448 --- [http-nio-8070-exec-1] o.s.web.servlet.DispatcherServlet        : Initializing Servlet 'dispatcherServlet'
2026-06-16T14:26:20.425+01:00  INFO 24448 --- [http-nio-8070-exec-1] o.s.web.servlet.DispatcherServlet        : Completed initialization in 5 ms
2026-06-16T14:26:20.774+01:00  INFO 24448 --- [http-nio-8070-exec-3] c.s.g2ii.Service.JournalAuditService     : AUDIT SÉCURITÉ - Action: CONNEXION | IP: 0:0:0:0:0:0:0:1 | User: ghadaabidi20@gmail.com | Détails: Connexion réussie
2026-06-16T14:26:20.895+01:00  INFO 24448 --- [MessageBroker-3] o.s.w.s.c.WebSocketMessageBrokerStats    : WebSocketSession[0 current WS(0)-HttpStream(0)-HttpPoll(0), 0 total, 0 closed abnormally (0 connect failure, 0 send limit, 0 transport error)], stompSubProtocol[processed CONNECT(0)-CONNECTED(0)-DISCONNECT(0)], stompBrokerRelay[null], inboundChannel[pool size = 0, active threads = 0, queued tasks = 0, completed tasks = 0], outboundChannel[pool size = 0, active threads = 0, queued tasks = 0, completed tasks = 0], sockJsScheduler[pool size = 6, active threads = 1, queued tasks = 3, completed tasks = 2]
2026-06-16T14:26:23.885+01:00  INFO 24448 --- [http-nio-8070-exec-6] c.s.g2ii.Service.JournalAuditService     : AUDIT SÉCURITÉ - Action: CONNEXION | IP: 0:0:0:0:0:0:0:1 | User: ghadaabidi20@gmail.com | Détails: Connexion réussie
2026-06-16T14:33:47.866+01:00  INFO 24448 --- [http-nio-8070-exec-9] c.s.g2ii.Service.JournalAuditService     : AUDIT SÉCURITÉ - Action: CONNEXION | IP: 0:0:0:0:0:0:0:1 | User: ouechtatisamih@gmail.com | Détails: Connexion réussie
2026-06-16T14:33:47.920+01:00  INFO 24448 --- [http-nio-8070-exec-7] c.s.g2ii.Controller.ArticleController    : GET /articles/inventory/statistiques
2026-06-16T14:33:47.940+01:00  INFO 24448 --- [http-nio-8070-exec-2] c.s.g2ii.Controller.AlerteController     : 📊 GET /api/inventory/alertes/dashboard
2026-06-16T14:33:47.985+01:00  INFO 24448 --- [http-nio-8070-exec-4] c.s.g.C.DemandeMaterielController        : 📋 GET /demandes-materiel/en-attente
2026-06-16T14:33:47.986+01:00  INFO 24448 --- [http-nio-8070-exec-4] c.s.g2ii.Service.DemandeMaterielService  : 📋 Récupération demandes en attente
2026-06-16T14:33:48.031+01:00  INFO 24448 --- [http-nio-8070-exec-4] c.s.g2ii.Service.DemandeMaterielService  : 📋 Total: 7 demandes en attente
2026-06-16T14:33:49.254+01:00  INFO 24448 --- [http-nio-8070-exec-9] c.s.g.C.DemandeMaterielController        : 📋 GET /demandes-materiel/mes-demandes - Utilisateur: 2
2026-06-16T14:33:49.255+01:00  INFO 24448 --- [http-nio-8070-exec-9] c.s.g2ii.Service.DemandeMaterielService  : 📋 Récupération demandes utilisateur: 2
2026-06-16T14:33:49.293+01:00  INFO 24448 --- [http-nio-8070-exec-9] c.s.g2ii.Service.DemandeMaterielService  : 📋 Total: 6 demandes pour utilisateur 2
2026-06-16T14:46:48.439+01:00  INFO 24448 --- [SpringApplicationShutdownHook] o.s.m.s.b.SimpleBrokerMessageHandler     : Stopping...
2026-06-16T14:46:48.439+01:00  INFO 24448 --- [SpringApplicationShutdownHook] o.s.m.s.b.SimpleBrokerMessageHandler     : BrokerAvailabilityEvent[available=false, SimpleBrokerMessageHandler [org.springframework.messaging.simp.broker.DefaultSubscriptionRegistry@5d100d1b]]
2026-06-16T14:46:48.439+01:00  INFO 24448 --- [SpringApplicationShutdownHook] o.s.m.s.b.SimpleBrokerMessageHandler     : Stopped.
2026-06-16T14:46:48.483+01:00  INFO 24448 --- [SpringApplicationShutdownHook] j.LocalContainerEntityManagerFactoryBean : Closing JPA EntityManagerFactory for persistence unit 'default'
2026-06-16T14:46:48.488+01:00  INFO 24448 --- [SpringApplicationShutdownHook] com.zaxxer.hikari.HikariDataSource       : HikariPool-1 - Shutdown initiated...
2026-06-16T14:46:48.495+01:00  INFO 24448 --- [SpringApplicationShutdownHook] com.zaxxer.hikari.HikariDataSource       : HikariPool-1 - Shutdown completed.
2026-06-16T14:46:53.948+01:00  INFO 3364 --- [main] com.sagem.g2ii.G2iiApplication           : Starting G2iiApplication using Java 17.0.8.1 with PID 3364 (D:\Test pfe 2026\g2ii\target\classes started by LENOVO in D:\Test pfe 2026\g2ii)
2026-06-16T14:46:53.950+01:00 DEBUG 3364 --- [main] com.sagem.g2ii.G2iiApplication           : Running with Spring Boot v3.1.8, Spring v6.0.16
2026-06-16T14:46:53.951+01:00  INFO 3364 --- [main] com.sagem.g2ii.G2iiApplication           : No active profile set, falling back to 1 default profile: "default"
2026-06-16T14:46:55.287+01:00  INFO 3364 --- [main] .s.d.r.c.RepositoryConfigurationDelegate : Bootstrapping Spring Data JPA repositories in DEFAULT mode.
2026-06-16T14:46:55.464+01:00  INFO 3364 --- [main] .s.d.r.c.RepositoryConfigurationDelegate : Finished Spring Data repository scanning in 165 ms. Found 24 JPA repository interfaces.
2026-06-16T14:46:56.438+01:00  INFO 3364 --- [main] o.s.b.w.embedded.tomcat.TomcatWebServer  : Tomcat initialized with port(s): 8070 (http)
2026-06-16T14:46:56.459+01:00  INFO 3364 --- [main] o.apache.catalina.core.StandardService   : Starting service [Tomcat]
2026-06-16T14:46:56.459+01:00  INFO 3364 --- [main] o.apache.catalina.core.StandardEngine    : Starting Servlet engine: [Apache Tomcat/10.1.18]
2026-06-16T14:46:56.611+01:00  INFO 3364 --- [main] o.a.c.c.C.[Tomcat].[localhost].[/]       : Initializing Spring embedded WebApplicationContext
2026-06-16T14:46:56.612+01:00  INFO 3364 --- [main] w.s.c.ServletWebServerApplicationContext : Root WebApplicationContext: initialization completed in 2599 ms
2026-06-16T14:46:56.839+01:00  INFO 3364 --- [main] o.hibernate.jpa.internal.util.LogHelper  : HHH000204: Processing PersistenceUnitInfo [name: default]
2026-06-16T14:46:56.923+01:00  INFO 3364 --- [main] org.hibernate.Version                    : HHH000412: Hibernate ORM core version 6.2.20.Final
2026-06-16T14:46:56.926+01:00  INFO 3364 --- [main] org.hibernate.cfg.Environment            : HHH000406: Using bytecode reflection optimizer
2026-06-16T14:46:57.269+01:00  INFO 3364 --- [main] o.s.o.j.p.SpringPersistenceUnitInfo      : No LoadTimeWeaver setup: ignoring JPA class transformer
2026-06-16T14:46:57.313+01:00  INFO 3364 --- [main] com.zaxxer.hikari.HikariDataSource       : HikariPool-1 - Starting...
2026-06-16T14:46:57.565+01:00  INFO 3364 --- [main] com.zaxxer.hikari.pool.HikariPool        : HikariPool-1 - Added connection org.postgresql.jdbc.PgConnection@7ac685ef
2026-06-16T14:46:57.569+01:00  INFO 3364 --- [main] com.zaxxer.hikari.HikariDataSource       : HikariPool-1 - Start completed.
2026-06-16T14:46:57.605+01:00  WARN 3364 --- [main] org.hibernate.orm.deprecation            : HHH90000025: PostgreSQLDialect does not need to be specified explicitly using 'hibernate.dialect' (remove the property setting and it will be selected by default)
2026-06-16T14:46:59.252+01:00  INFO 3364 --- [main] o.h.e.t.j.p.i.JtaPlatformInitiator       : HHH000489: No JTA platform available (set 'hibernate.transaction.jta.platform' to enable JTA platform integration)
2026-06-16T14:46:59.582+01:00  INFO 3364 --- [main] j.LocalContainerEntityManagerFactoryBean : Initialized JPA EntityManagerFactory for persistence unit 'default'
2026-06-16T14:47:00.127+01:00 DEBUG 3364 --- [main] c.s.g.securiter.JwtAuthenticationFilter  : Filter 'jwtAuthenticationFilter' configured for use
2026-06-16T14:47:00.513+01:00  INFO 3364 --- [main] o.s.d.j.r.query.QueryEnhancerFactory     : Hibernate is in classpath; If applicable, HQL parser will be used.
2026-06-16T14:47:02.065+01:00  WARN 3364 --- [main] JpaBaseConfiguration$JpaWebConfiguration : spring.jpa.open-in-view is enabled by default. Therefore, database queries may be performed during view rendering. Explicitly configure spring.jpa.open-in-view to disable this warning
2026-06-16T14:47:02.539+01:00  INFO 3364 --- [main] o.s.s.web.DefaultSecurityFilterChain     : Will secure any request with [org.springframework.security.web.session.DisableEncodeUrlFilter@3d876f9e, org.springframework.security.web.context.request.async.WebAsyncManagerIntegrationFilter@24bbe3c6, org.springframework.security.web.context.SecurityContextHolderFilter@6771c4d8, org.springframework.security.web.header.HeaderWriterFilter@76225435, org.springframework.web.filter.CorsFilter@5ecab645, org.springframework.security.web.authentication.logout.LogoutFilter@51790ffb, com.sagem.g2ii.securiter.JwtAuthenticationFilter@355da59c, org.springframework.security.web.savedrequest.RequestCacheAwareFilter@4f3bc463, org.springframework.security.web.servletapi.SecurityContextHolderAwareRequestFilter@2fb05142, org.springframework.security.web.authentication.AnonymousAuthenticationFilter@44185116, org.springframework.security.web.session.SessionManagementFilter@1b9bb6e6, org.springframework.security.web.access.ExceptionTranslationFilter@45d3c1ce, org.springframework.security.web.access.intercept.AuthorizationFilter@1531ec6]
2026-06-16T14:47:03.098+01:00  WARN 3364 --- [main] ConfigServletWebServerApplicationContext : Exception encountered during context initialization - cancelling refresh attempt: org.springframework.context.ApplicationContextException: Failed to start bean 'webServerStartStop'
2026-06-16T14:47:03.107+01:00  INFO 3364 --- [main] j.LocalContainerEntityManagerFactoryBean : Closing JPA EntityManagerFactory for persistence unit 'default'
2026-06-16T14:47:03.111+01:00  INFO 3364 --- [main] com.zaxxer.hikari.HikariDataSource       : HikariPool-1 - Shutdown initiated...
2026-06-16T14:47:03.120+01:00  INFO 3364 --- [main] com.zaxxer.hikari.HikariDataSource       : HikariPool-1 - Shutdown completed.
2026-06-16T14:47:03.130+01:00  INFO 3364 --- [main] o.apache.catalina.core.StandardService   : Stopping service [Tomcat]
2026-06-16T14:47:03.187+01:00  INFO 3364 --- [main] .s.b.a.l.ConditionEvaluationReportLogger : 

Error starting ApplicationContext. To display the condition evaluation report re-run your application with 'debug' enabled.
2026-06-16T14:47:03.252+01:00 ERROR 3364 --- [main] o.s.b.d.LoggingFailureAnalysisReporter   : 

***************************
APPLICATION FAILED TO START
***************************

Description:

Web server failed to start. Port 8070 was already in use.

Action:

Identify and stop the process that's listening on port 8070 or configure this application to listen on another port.

2026-06-16T14:47:15.621+01:00  INFO 10644 --- [main] com.sagem.g2ii.G2iiApplication           : Starting G2iiApplication using Java 17.0.8.1 with PID 10644 (D:\Test pfe 2026\g2ii\target\classes started by LENOVO in D:\Test pfe 2026\g2ii)
2026-06-16T14:47:15.623+01:00 DEBUG 10644 --- [main] com.sagem.g2ii.G2iiApplication           : Running with Spring Boot v3.1.8, Spring v6.0.16
2026-06-16T14:47:15.624+01:00  INFO 10644 --- [main] com.sagem.g2ii.G2iiApplication           : No active profile set, falling back to 1 default profile: "default"
2026-06-16T14:47:16.666+01:00  INFO 10644 --- [main] .s.d.r.c.RepositoryConfigurationDelegate : Bootstrapping Spring Data JPA repositories in DEFAULT mode.
2026-06-16T14:47:16.830+01:00  INFO 10644 --- [main] .s.d.r.c.RepositoryConfigurationDelegate : Finished Spring Data repository scanning in 158 ms. Found 24 JPA repository interfaces.
2026-06-16T14:47:17.778+01:00  INFO 10644 --- [main] o.s.b.w.embedded.tomcat.TomcatWebServer  : Tomcat initialized with port(s): 8070 (http)
2026-06-16T14:47:17.792+01:00  INFO 10644 --- [main] o.apache.catalina.core.StandardService   : Starting service [Tomcat]
2026-06-16T14:47:17.792+01:00  INFO 10644 --- [main] o.apache.catalina.core.StandardEngine    : Starting Servlet engine: [Apache Tomcat/10.1.18]
2026-06-16T14:47:17.944+01:00  INFO 10644 --- [main] o.a.c.c.C.[Tomcat].[localhost].[/]       : Initializing Spring embedded WebApplicationContext
2026-06-16T14:47:17.944+01:00  INFO 10644 --- [main] w.s.c.ServletWebServerApplicationContext : Root WebApplicationContext: initialization completed in 2257 ms
2026-06-16T14:47:18.157+01:00  INFO 10644 --- [main] o.hibernate.jpa.internal.util.LogHelper  : HHH000204: Processing PersistenceUnitInfo [name: default]
2026-06-16T14:47:18.224+01:00  INFO 10644 --- [main] org.hibernate.Version                    : HHH000412: Hibernate ORM core version 6.2.20.Final
2026-06-16T14:47:18.227+01:00  INFO 10644 --- [main] org.hibernate.cfg.Environment            : HHH000406: Using bytecode reflection optimizer
2026-06-16T14:47:18.492+01:00  INFO 10644 --- [main] o.s.o.j.p.SpringPersistenceUnitInfo      : No LoadTimeWeaver setup: ignoring JPA class transformer
2026-06-16T14:47:18.520+01:00  INFO 10644 --- [main] com.zaxxer.hikari.HikariDataSource       : HikariPool-1 - Starting...
2026-06-16T14:47:18.731+01:00  INFO 10644 --- [main] com.zaxxer.hikari.pool.HikariPool        : HikariPool-1 - Added connection org.postgresql.jdbc.PgConnection@7ac685ef
2026-06-16T14:47:18.739+01:00  INFO 10644 --- [main] com.zaxxer.hikari.HikariDataSource       : HikariPool-1 - Start completed.
2026-06-16T14:47:18.766+01:00  WARN 10644 --- [main] org.hibernate.orm.deprecation            : HHH90000025: PostgreSQLDialect does not need to be specified explicitly using 'hibernate.dialect' (remove the property setting and it will be selected by default)
2026-06-16T14:47:20.436+01:00  INFO 10644 --- [main] o.h.e.t.j.p.i.JtaPlatformInitiator       : HHH000489: No JTA platform available (set 'hibernate.transaction.jta.platform' to enable JTA platform integration)
2026-06-16T14:47:20.805+01:00  INFO 10644 --- [main] j.LocalContainerEntityManagerFactoryBean : Initialized JPA EntityManagerFactory for persistence unit 'default'
2026-06-16T14:47:21.186+01:00 DEBUG 10644 --- [main] c.s.g.securiter.JwtAuthenticationFilter  : Filter 'jwtAuthenticationFilter' configured for use
2026-06-16T14:47:21.591+01:00  INFO 10644 --- [main] o.s.d.j.r.query.QueryEnhancerFactory     : Hibernate is in classpath; If applicable, HQL parser will be used.
2026-06-16T14:47:23.131+01:00  WARN 10644 --- [main] JpaBaseConfiguration$JpaWebConfiguration : spring.jpa.open-in-view is enabled by default. Therefore, database queries may be performed during view rendering. Explicitly configure spring.jpa.open-in-view to disable this warning
2026-06-16T14:47:23.499+01:00  INFO 10644 --- [main] o.s.s.web.DefaultSecurityFilterChain     : Will secure any request with [org.springframework.security.web.session.DisableEncodeUrlFilter@135d3ade, org.springframework.security.web.context.request.async.WebAsyncManagerIntegrationFilter@54e9d42e, org.springframework.security.web.context.SecurityContextHolderFilter@27a93cfa, org.springframework.security.web.header.HeaderWriterFilter@45d3c1ce, org.springframework.web.filter.CorsFilter@3d876f9e, org.springframework.security.web.authentication.logout.LogoutFilter@16a58368, com.sagem.g2ii.securiter.JwtAuthenticationFilter@70720b78, org.springframework.security.web.savedrequest.RequestCacheAwareFilter@6771c4d8, org.springframework.security.web.servletapi.SecurityContextHolderAwareRequestFilter@44ca5127, org.springframework.security.web.authentication.AnonymousAuthenticationFilter@24bbe3c6, org.springframework.security.web.session.SessionManagementFilter@5d7341a8, org.springframework.security.web.access.ExceptionTranslationFilter@539fe2b8, org.springframework.security.web.access.intercept.AuthorizationFilter@1a8bbf04]
2026-06-16T14:47:23.892+01:00  INFO 10644 --- [main] o.s.b.w.embedded.tomcat.TomcatWebServer  : Tomcat started on port(s): 8070 (http) with context path ''
2026-06-16T14:47:23.894+01:00  INFO 10644 --- [main] o.s.m.s.b.SimpleBrokerMessageHandler     : Starting...
2026-06-16T14:47:23.897+01:00  INFO 10644 --- [main] o.s.m.s.b.SimpleBrokerMessageHandler     : BrokerAvailabilityEvent[available=true, SimpleBrokerMessageHandler [org.springframework.messaging.simp.broker.DefaultSubscriptionRegistry@5d100d1b]]
2026-06-16T14:47:23.897+01:00  INFO 10644 --- [main] o.s.m.s.b.SimpleBrokerMessageHandler     : Started.
2026-06-16T14:47:23.913+01:00  INFO 10644 --- [main] com.sagem.g2ii.G2iiApplication           : Started G2iiApplication in 8.857 seconds (process running for 9.337)
2026-06-16T14:47:50.150+01:00  INFO 10644 --- [SpringApplicationShutdownHook] o.s.m.s.b.SimpleBrokerMessageHandler     : Stopping...
2026-06-16T14:47:50.150+01:00  INFO 10644 --- [SpringApplicationShutdownHook] o.s.m.s.b.SimpleBrokerMessageHandler     : BrokerAvailabilityEvent[available=false, SimpleBrokerMessageHandler [org.springframework.messaging.simp.broker.DefaultSubscriptionRegistry@5d100d1b]]
2026-06-16T14:47:50.150+01:00  INFO 10644 --- [SpringApplicationShutdownHook] o.s.m.s.b.SimpleBrokerMessageHandler     : Stopped.
2026-06-16T14:47:50.177+01:00  INFO 10644 --- [SpringApplicationShutdownHook] j.LocalContainerEntityManagerFactoryBean : Closing JPA EntityManagerFactory for persistence unit 'default'
2026-06-16T14:47:50.178+01:00  INFO 10644 --- [SpringApplicationShutdownHook] com.zaxxer.hikari.HikariDataSource       : HikariPool-1 - Shutdown initiated...
2026-06-16T14:47:50.185+01:00  INFO 10644 --- [SpringApplicationShutdownHook] com.zaxxer.hikari.HikariDataSource       : HikariPool-1 - Shutdown completed.
2026-06-16T14:51:39.242+01:00  INFO 33812 --- [main] com.sagem.g2ii.G2iiApplication           : Starting G2iiApplication using Java 17.0.8.1 with PID 33812 (D:\Test pfe 2026\g2ii\target\classes started by LENOVO in D:\Test pfe 2026\g2ii)
2026-06-16T14:51:39.244+01:00 DEBUG 33812 --- [main] com.sagem.g2ii.G2iiApplication           : Running with Spring Boot v3.1.8, Spring v6.0.16
2026-06-16T14:51:39.245+01:00  INFO 33812 --- [main] com.sagem.g2ii.G2iiApplication           : No active profile set, falling back to 1 default profile: "default"
2026-06-16T14:51:40.385+01:00  INFO 33812 --- [main] .s.d.r.c.RepositoryConfigurationDelegate : Bootstrapping Spring Data JPA repositories in DEFAULT mode.
2026-06-16T14:51:40.536+01:00  INFO 33812 --- [main] .s.d.r.c.RepositoryConfigurationDelegate : Finished Spring Data repository scanning in 145 ms. Found 24 JPA repository interfaces.
2026-06-16T14:51:41.443+01:00  INFO 33812 --- [main] o.s.b.w.embedded.tomcat.TomcatWebServer  : Tomcat initialized with port(s): 8070 (http)
2026-06-16T14:51:41.449+01:00  INFO 33812 --- [main] o.apache.catalina.core.StandardService   : Starting service [Tomcat]
2026-06-16T14:51:41.450+01:00  INFO 33812 --- [main] o.apache.catalina.core.StandardEngine    : Starting Servlet engine: [Apache Tomcat/10.1.18]
2026-06-16T14:51:41.570+01:00  INFO 33812 --- [main] o.a.c.c.C.[Tomcat].[localhost].[/]       : Initializing Spring embedded WebApplicationContext
2026-06-16T14:51:41.571+01:00  INFO 33812 --- [main] w.s.c.ServletWebServerApplicationContext : Root WebApplicationContext: initialization completed in 2258 ms
2026-06-16T14:51:41.781+01:00  INFO 33812 --- [main] o.hibernate.jpa.internal.util.LogHelper  : HHH000204: Processing PersistenceUnitInfo [name: default]
2026-06-16T14:51:41.840+01:00  INFO 33812 --- [main] org.hibernate.Version                    : HHH000412: Hibernate ORM core version 6.2.20.Final
2026-06-16T14:51:41.844+01:00  INFO 33812 --- [main] org.hibernate.cfg.Environment            : HHH000406: Using bytecode reflection optimizer
2026-06-16T14:51:42.109+01:00  INFO 33812 --- [main] o.s.o.j.p.SpringPersistenceUnitInfo      : No LoadTimeWeaver setup: ignoring JPA class transformer
2026-06-16T14:51:42.150+01:00  INFO 33812 --- [main] com.zaxxer.hikari.HikariDataSource       : HikariPool-1 - Starting...
2026-06-16T14:51:42.355+01:00  INFO 33812 --- [main] com.zaxxer.hikari.pool.HikariPool        : HikariPool-1 - Added connection org.postgresql.jdbc.PgConnection@7ac685ef
2026-06-16T14:51:42.361+01:00  INFO 33812 --- [main] com.zaxxer.hikari.HikariDataSource       : HikariPool-1 - Start completed.
2026-06-16T14:51:42.392+01:00  WARN 33812 --- [main] org.hibernate.orm.deprecation            : HHH90000025: PostgreSQLDialect does not need to be specified explicitly using 'hibernate.dialect' (remove the property setting and it will be selected by default)
2026-06-16T14:51:43.847+01:00  INFO 33812 --- [main] o.h.e.t.j.p.i.JtaPlatformInitiator       : HHH000489: No JTA platform available (set 'hibernate.transaction.jta.platform' to enable JTA platform integration)
2026-06-16T14:51:44.155+01:00  INFO 33812 --- [main] j.LocalContainerEntityManagerFactoryBean : Initialized JPA EntityManagerFactory for persistence unit 'default'
2026-06-16T14:51:44.591+01:00 DEBUG 33812 --- [main] c.s.g.securiter.JwtAuthenticationFilter  : Filter 'jwtAuthenticationFilter' configured for use
2026-06-16T14:51:44.939+01:00  INFO 33812 --- [main] o.s.d.j.r.query.QueryEnhancerFactory     : Hibernate is in classpath; If applicable, HQL parser will be used.
2026-06-16T14:51:46.326+01:00  WARN 33812 --- [main] JpaBaseConfiguration$JpaWebConfiguration : spring.jpa.open-in-view is enabled by default. Therefore, database queries may be performed during view rendering. Explicitly configure spring.jpa.open-in-view to disable this warning
2026-06-16T14:51:46.674+01:00  INFO 33812 --- [main] o.s.s.web.DefaultSecurityFilterChain     : Will secure any request with [org.springframework.security.web.session.DisableEncodeUrlFilter@54e9d42e, org.springframework.security.web.context.request.async.WebAsyncManagerIntegrationFilter@3d876f9e, org.springframework.security.web.context.SecurityContextHolderFilter@609047a6, org.springframework.security.web.header.HeaderWriterFilter@5a04e7ef, org.springframework.web.filter.CorsFilter@24bbe3c6, org.springframework.security.web.authentication.logout.LogoutFilter@69dd03a0, com.sagem.g2ii.securiter.JwtAuthenticationFilter@70720b78, org.springframework.security.web.savedrequest.RequestCacheAwareFilter@211b6256, org.springframework.security.web.servletapi.SecurityContextHolderAwareRequestFilter@3e39823a, org.springframework.security.web.authentication.AnonymousAuthenticationFilter@5ecab645, org.springframework.security.web.session.SessionManagementFilter@75ee4105, org.springframework.security.web.access.ExceptionTranslationFilter@30012b46, org.springframework.security.web.access.intercept.AuthorizationFilter@52777e0b]
2026-06-16T14:51:47.054+01:00  INFO 33812 --- [main] o.s.b.w.embedded.tomcat.TomcatWebServer  : Tomcat started on port(s): 8070 (http) with context path ''
2026-06-16T14:51:47.056+01:00  INFO 33812 --- [main] o.s.m.s.b.SimpleBrokerMessageHandler     : Starting...
2026-06-16T14:51:47.058+01:00  INFO 33812 --- [main] o.s.m.s.b.SimpleBrokerMessageHandler     : BrokerAvailabilityEvent[available=true, SimpleBrokerMessageHandler [org.springframework.messaging.simp.broker.DefaultSubscriptionRegistry@7cf9dc4c]]
2026-06-16T14:51:47.059+01:00  INFO 33812 --- [main] o.s.m.s.b.SimpleBrokerMessageHandler     : Started.
2026-06-16T14:51:47.072+01:00  INFO 33812 --- [main] com.sagem.g2ii.G2iiApplication           : Started G2iiApplication in 8.379 seconds (process running for 8.871)
2026-06-16T14:52:38.957+01:00  INFO 33812 --- [SpringApplicationShutdownHook] o.s.m.s.b.SimpleBrokerMessageHandler     : Stopping...
2026-06-16T14:52:38.958+01:00  INFO 33812 --- [SpringApplicationShutdownHook] o.s.m.s.b.SimpleBrokerMessageHandler     : BrokerAvailabilityEvent[available=false, SimpleBrokerMessageHandler [org.springframework.messaging.simp.broker.DefaultSubscriptionRegistry@7cf9dc4c]]
2026-06-16T14:52:38.958+01:00  INFO 33812 --- [SpringApplicationShutdownHook] o.s.m.s.b.SimpleBrokerMessageHandler     : Stopped.
2026-06-16T14:52:38.980+01:00  INFO 33812 --- [SpringApplicationShutdownHook] j.LocalContainerEntityManagerFactoryBean : Closing JPA EntityManagerFactory for persistence unit 'default'
2026-06-16T14:52:38.982+01:00  INFO 33812 --- [SpringApplicationShutdownHook] com.zaxxer.hikari.HikariDataSource       : HikariPool-1 - Shutdown initiated...
2026-06-16T14:52:38.986+01:00  INFO 33812 --- [SpringApplicationShutdownHook] com.zaxxer.hikari.HikariDataSource       : HikariPool-1 - Shutdown completed.
2026-06-16T14:52:43.079+01:00  INFO 18220 --- [main] com.sagem.g2ii.G2iiApplication           : Starting G2iiApplication using Java 17.0.8.1 with PID 18220 (D:\Test pfe 2026\g2ii\target\classes started by LENOVO in D:\Test pfe 2026\g2ii)
2026-06-16T14:52:43.081+01:00 DEBUG 18220 --- [main] com.sagem.g2ii.G2iiApplication           : Running with Spring Boot v3.1.8, Spring v6.0.16
2026-06-16T14:52:43.081+01:00  INFO 18220 --- [main] com.sagem.g2ii.G2iiApplication           : No active profile set, falling back to 1 default profile: "default"
2026-06-16T14:52:44.143+01:00  INFO 18220 --- [main] .s.d.r.c.RepositoryConfigurationDelegate : Bootstrapping Spring Data JPA repositories in DEFAULT mode.
2026-06-16T14:52:44.288+01:00  INFO 18220 --- [main] .s.d.r.c.RepositoryConfigurationDelegate : Finished Spring Data repository scanning in 136 ms. Found 24 JPA repository interfaces.
2026-06-16T14:52:45.204+01:00  INFO 18220 --- [main] o.s.b.w.embedded.tomcat.TomcatWebServer  : Tomcat initialized with port(s): 8070 (http)
2026-06-16T14:52:45.216+01:00  INFO 18220 --- [main] o.apache.catalina.core.StandardService   : Starting service [Tomcat]
2026-06-16T14:52:45.217+01:00  INFO 18220 --- [main] o.apache.catalina.core.StandardEngine    : Starting Servlet engine: [Apache Tomcat/10.1.18]
2026-06-16T14:52:45.354+01:00  INFO 18220 --- [main] o.a.c.c.C.[Tomcat].[localhost].[/]       : Initializing Spring embedded WebApplicationContext
2026-06-16T14:52:45.354+01:00  INFO 18220 --- [main] w.s.c.ServletWebServerApplicationContext : Root WebApplicationContext: initialization completed in 2210 ms
2026-06-16T14:52:45.532+01:00  INFO 18220 --- [main] o.hibernate.jpa.internal.util.LogHelper  : HHH000204: Processing PersistenceUnitInfo [name: default]
2026-06-16T14:52:45.598+01:00  INFO 18220 --- [main] org.hibernate.Version                    : HHH000412: Hibernate ORM core version 6.2.20.Final
2026-06-16T14:52:45.601+01:00  INFO 18220 --- [main] org.hibernate.cfg.Environment            : HHH000406: Using bytecode reflection optimizer
2026-06-16T14:52:45.851+01:00  INFO 18220 --- [main] o.s.o.j.p.SpringPersistenceUnitInfo      : No LoadTimeWeaver setup: ignoring JPA class transformer
2026-06-16T14:52:45.880+01:00  INFO 18220 --- [main] com.zaxxer.hikari.HikariDataSource       : HikariPool-1 - Starting...
2026-06-16T14:52:46.097+01:00  INFO 18220 --- [main] com.zaxxer.hikari.pool.HikariPool        : HikariPool-1 - Added connection org.postgresql.jdbc.PgConnection@4ab455e2
2026-06-16T14:52:46.099+01:00  INFO 18220 --- [main] com.zaxxer.hikari.HikariDataSource       : HikariPool-1 - Start completed.
2026-06-16T14:52:46.141+01:00  WARN 18220 --- [main] org.hibernate.orm.deprecation            : HHH90000025: PostgreSQLDialect does not need to be specified explicitly using 'hibernate.dialect' (remove the property setting and it will be selected by default)
2026-06-16T14:52:47.667+01:00  INFO 18220 --- [main] o.h.e.t.j.p.i.JtaPlatformInitiator       : HHH000489: No JTA platform available (set 'hibernate.transaction.jta.platform' to enable JTA platform integration)
2026-06-16T14:52:47.966+01:00  INFO 18220 --- [main] j.LocalContainerEntityManagerFactoryBean : Initialized JPA EntityManagerFactory for persistence unit 'default'
2026-06-16T14:52:48.387+01:00 DEBUG 18220 --- [main] c.s.g.securiter.JwtAuthenticationFilter  : Filter 'jwtAuthenticationFilter' configured for use
2026-06-16T14:52:48.744+01:00  INFO 18220 --- [main] o.s.d.j.r.query.QueryEnhancerFactory     : Hibernate is in classpath; If applicable, HQL parser will be used.
2026-06-16T14:52:50.289+01:00  WARN 18220 --- [main] JpaBaseConfiguration$JpaWebConfiguration : spring.jpa.open-in-view is enabled by default. Therefore, database queries may be performed during view rendering. Explicitly configure spring.jpa.open-in-view to disable this warning
2026-06-16T14:52:50.636+01:00  INFO 18220 --- [main] o.s.s.web.DefaultSecurityFilterChain     : Will secure any request with [org.springframework.security.web.session.DisableEncodeUrlFilter@1531ec6, org.springframework.security.web.context.request.async.WebAsyncManagerIntegrationFilter@135d3ade, org.springframework.security.web.context.SecurityContextHolderFilter@1b9bb6e6, org.springframework.security.web.header.HeaderWriterFilter@30012b46, org.springframework.web.filter.CorsFilter@54e9d42e, org.springframework.security.web.authentication.logout.LogoutFilter@1463efcc, com.sagem.g2ii.securiter.JwtAuthenticationFilter@77c41838, org.springframework.security.web.savedrequest.RequestCacheAwareFilter@609047a6, org.springframework.security.web.servletapi.SecurityContextHolderAwareRequestFilter@2d741755, org.springframework.security.web.authentication.AnonymousAuthenticationFilter@3d876f9e, org.springframework.security.web.session.SessionManagementFilter@1235d778, org.springframework.security.web.access.ExceptionTranslationFilter@633f8efd, org.springframework.security.web.access.intercept.AuthorizationFilter@715c680a]
2026-06-16T14:52:51.026+01:00  INFO 18220 --- [main] o.s.b.w.embedded.tomcat.TomcatWebServer  : Tomcat started on port(s): 8070 (http) with context path ''
2026-06-16T14:52:51.029+01:00  INFO 18220 --- [main] o.s.m.s.b.SimpleBrokerMessageHandler     : Starting...
2026-06-16T14:52:51.032+01:00  INFO 18220 --- [main] o.s.m.s.b.SimpleBrokerMessageHandler     : BrokerAvailabilityEvent[available=true, SimpleBrokerMessageHandler [org.springframework.messaging.simp.broker.DefaultSubscriptionRegistry@51cea39e]]
2026-06-16T14:52:51.032+01:00  INFO 18220 --- [main] o.s.m.s.b.SimpleBrokerMessageHandler     : Started.
2026-06-16T14:52:51.048+01:00  INFO 18220 --- [main] com.sagem.g2ii.G2iiApplication           : Started G2iiApplication in 8.499 seconds (process running for 9.04)
2026-06-16T14:53:51.004+01:00  INFO 18220 --- [MessageBroker-3] o.s.w.s.c.WebSocketMessageBrokerStats    : WebSocketSession[0 current WS(0)-HttpStream(0)-HttpPoll(0), 0 total, 0 closed abnormally (0 connect failure, 0 send limit, 0 transport error)], stompSubProtocol[processed CONNECT(0)-CONNECTED(0)-DISCONNECT(0)], stompBrokerRelay[null], inboundChannel[pool size = 0, active threads = 0, queued tasks = 0, completed tasks = 0], outboundChannel[pool size = 0, active threads = 0, queued tasks = 0, completed tasks = 0], sockJsScheduler[pool size = 6, active threads = 1, queued tasks = 3, completed tasks = 2]
2026-06-16T15:00:50.800+01:00  INFO 18220 --- [SpringApplicationShutdownHook] o.s.m.s.b.SimpleBrokerMessageHandler     : Stopping...
2026-06-16T15:00:50.801+01:00  INFO 18220 --- [SpringApplicationShutdownHook] o.s.m.s.b.SimpleBrokerMessageHandler     : BrokerAvailabilityEvent[available=false, SimpleBrokerMessageHandler [org.springframework.messaging.simp.broker.DefaultSubscriptionRegistry@51cea39e]]
2026-06-16T15:00:50.801+01:00  INFO 18220 --- [SpringApplicationShutdownHook] o.s.m.s.b.SimpleBrokerMessageHandler     : Stopped.
2026-06-16T15:00:50.824+01:00  INFO 18220 --- [SpringApplicationShutdownHook] j.LocalContainerEntityManagerFactoryBean : Closing JPA EntityManagerFactory for persistence unit 'default'
2026-06-16T15:00:50.826+01:00  INFO 18220 --- [SpringApplicationShutdownHook] com.zaxxer.hikari.HikariDataSource       : HikariPool-1 - Shutdown initiated...
2026-06-16T15:00:50.831+01:00  INFO 18220 --- [SpringApplicationShutdownHook] com.zaxxer.hikari.HikariDataSource       : HikariPool-1 - Shutdown completed.
2026-06-16T15:00:56.527+01:00  INFO 22176 --- [main] com.sagem.g2ii.G2iiApplication           : Starting G2iiApplication using Java 17.0.8.1 with PID 22176 (D:\Test pfe 2026\g2ii\target\classes started by LENOVO in D:\Test pfe 2026\g2ii)
2026-06-16T15:00:56.529+01:00 DEBUG 22176 --- [main] com.sagem.g2ii.G2iiApplication           : Running with Spring Boot v3.1.8, Spring v6.0.16
2026-06-16T15:00:56.530+01:00  INFO 22176 --- [main] com.sagem.g2ii.G2iiApplication           : No active profile set, falling back to 1 default profile: "default"
2026-06-16T15:00:57.714+01:00  INFO 22176 --- [main] .s.d.r.c.RepositoryConfigurationDelegate : Bootstrapping Spring Data JPA repositories in DEFAULT mode.
2026-06-16T15:00:57.856+01:00  INFO 22176 --- [main] .s.d.r.c.RepositoryConfigurationDelegate : Finished Spring Data repository scanning in 132 ms. Found 24 JPA repository interfaces.
2026-06-16T15:00:58.810+01:00  INFO 22176 --- [main] o.s.b.w.embedded.tomcat.TomcatWebServer  : Tomcat initialized with port(s): 8070 (http)
2026-06-16T15:00:58.820+01:00  INFO 22176 --- [main] o.apache.catalina.core.StandardService   : Starting service [Tomcat]
2026-06-16T15:00:58.820+01:00  INFO 22176 --- [main] o.apache.catalina.core.StandardEngine    : Starting Servlet engine: [Apache Tomcat/10.1.18]
2026-06-16T15:00:58.948+01:00  INFO 22176 --- [main] o.a.c.c.C.[Tomcat].[localhost].[/]       : Initializing Spring embedded WebApplicationContext
2026-06-16T15:00:58.949+01:00  INFO 22176 --- [main] w.s.c.ServletWebServerApplicationContext : Root WebApplicationContext: initialization completed in 2342 ms
2026-06-16T15:00:59.149+01:00  INFO 22176 --- [main] o.hibernate.jpa.internal.util.LogHelper  : HHH000204: Processing PersistenceUnitInfo [name: default]
2026-06-16T15:00:59.209+01:00  INFO 22176 --- [main] org.hibernate.Version                    : HHH000412: Hibernate ORM core version 6.2.20.Final
2026-06-16T15:00:59.212+01:00  INFO 22176 --- [main] org.hibernate.cfg.Environment            : HHH000406: Using bytecode reflection optimizer
2026-06-16T15:00:59.575+01:00  INFO 22176 --- [main] o.s.o.j.p.SpringPersistenceUnitInfo      : No LoadTimeWeaver setup: ignoring JPA class transformer
2026-06-16T15:00:59.614+01:00  INFO 22176 --- [main] com.zaxxer.hikari.HikariDataSource       : HikariPool-1 - Starting...
2026-06-16T15:00:59.866+01:00  INFO 22176 --- [main] com.zaxxer.hikari.pool.HikariPool        : HikariPool-1 - Added connection org.postgresql.jdbc.PgConnection@5ddb302
2026-06-16T15:00:59.868+01:00  INFO 22176 --- [main] com.zaxxer.hikari.HikariDataSource       : HikariPool-1 - Start completed.
2026-06-16T15:00:59.904+01:00  WARN 22176 --- [main] org.hibernate.orm.deprecation            : HHH90000025: PostgreSQLDialect does not need to be specified explicitly using 'hibernate.dialect' (remove the property setting and it will be selected by default)
2026-06-16T15:01:01.721+01:00  INFO 22176 --- [main] o.h.e.t.j.p.i.JtaPlatformInitiator       : HHH000489: No JTA platform available (set 'hibernate.transaction.jta.platform' to enable JTA platform integration)
2026-06-16T15:01:02.034+01:00  INFO 22176 --- [main] j.LocalContainerEntityManagerFactoryBean : Initialized JPA EntityManagerFactory for persistence unit 'default'
2026-06-16T15:01:02.494+01:00 DEBUG 22176 --- [main] c.s.g.securiter.JwtAuthenticationFilter  : Filter 'jwtAuthenticationFilter' configured for use
2026-06-16T15:01:02.937+01:00  INFO 22176 --- [main] o.s.d.j.r.query.QueryEnhancerFactory     : Hibernate is in classpath; If applicable, HQL parser will be used.
2026-06-16T15:01:04.374+01:00  WARN 22176 --- [main] JpaBaseConfiguration$JpaWebConfiguration : spring.jpa.open-in-view is enabled by default. Therefore, database queries may be performed during view rendering. Explicitly configure spring.jpa.open-in-view to disable this warning
2026-06-16T15:01:04.726+01:00  INFO 22176 --- [main] o.s.s.web.DefaultSecurityFilterChain     : Will secure any request with [org.springframework.security.web.session.DisableEncodeUrlFilter@42e52d94, org.springframework.security.web.context.request.async.WebAsyncManagerIntegrationFilter@393b43dd, org.springframework.security.web.context.SecurityContextHolderFilter@44ca5127, org.springframework.security.web.header.HeaderWriterFilter@d67bb3a, org.springframework.web.filter.CorsFilter@3248b221, org.springframework.security.web.authentication.logout.LogoutFilter@78b5f3c6, com.sagem.g2ii.securiter.JwtAuthenticationFilter@381db99e, org.springframework.security.web.savedrequest.RequestCacheAwareFilter@2fb05142, org.springframework.security.web.servletapi.SecurityContextHolderAwareRequestFilter@6beb047e, org.springframework.security.web.authentication.AnonymousAuthenticationFilter@34ded59f, org.springframework.security.web.session.SessionManagementFilter@211b6256, org.springframework.security.web.access.ExceptionTranslationFilter@14467f3b, org.springframework.security.web.access.intercept.AuthorizationFilter@24bbe3c6]
2026-06-16T15:01:05.144+01:00  INFO 22176 --- [main] o.s.b.w.embedded.tomcat.TomcatWebServer  : Tomcat started on port(s): 8070 (http) with context path ''
2026-06-16T15:01:05.147+01:00  INFO 22176 --- [main] o.s.m.s.b.SimpleBrokerMessageHandler     : Starting...
2026-06-16T15:01:05.149+01:00  INFO 22176 --- [main] o.s.m.s.b.SimpleBrokerMessageHandler     : BrokerAvailabilityEvent[available=true, SimpleBrokerMessageHandler [org.springframework.messaging.simp.broker.DefaultSubscriptionRegistry@416e5cb]]
2026-06-16T15:01:05.150+01:00  INFO 22176 --- [main] o.s.m.s.b.SimpleBrokerMessageHandler     : Started.
2026-06-16T15:01:05.167+01:00  INFO 22176 --- [main] com.sagem.g2ii.G2iiApplication           : Started G2iiApplication in 9.263 seconds (process running for 9.789)
2026-06-16T15:01:12.742+01:00  INFO 22176 --- [http-nio-8070-exec-3] o.a.c.c.C.[Tomcat].[localhost].[/]       : Initializing Spring DispatcherServlet 'dispatcherServlet'
2026-06-16T15:01:12.743+01:00  INFO 22176 --- [http-nio-8070-exec-3] o.s.web.servlet.DispatcherServlet        : Initializing Servlet 'dispatcherServlet'
2026-06-16T15:01:12.746+01:00  INFO 22176 --- [http-nio-8070-exec-3] o.s.web.servlet.DispatcherServlet        : Completed initialization in 3 ms
2026-06-16T15:01:13.006+01:00  INFO 22176 --- [http-nio-8070-exec-1] c.s.g2ii.Service.JournalAuditService     : AUDIT SÉCURITÉ - Action: CONNEXION | IP: 0:0:0:0:0:0:0:1 | User: ghadaabidi20@gmail.com | Détails: Connexion réussie
2026-06-16T15:01:26.022+01:00  INFO 22176 --- [http-nio-8070-exec-1] com.sagem.g2ii.Service.TicketService     : 📨 [CRÉER TICKET] Début de création - Titre: Créer un nouveau ticket
2026-06-16T15:01:26.033+01:00  INFO 22176 --- [http-nio-8070-exec-1] com.sagem.g2ii.Service.TicketService     : 🔍 [OBTENIR SLA] Recherche pour Categorie: Installation Poste | Priorité: Haute
2026-06-16T15:01:26.056+01:00  INFO 22176 --- [http-nio-8070-exec-1] com.sagem.g2ii.Service.TicketService     : ✅ Ticket créé avec succès [ID: 61, Réf: SAG260616-0002]
2026-06-16T15:01:26.057+01:00 ERROR 22176 --- [http-nio-8070-exec-1] com.sagem.g2ii.Service.TicketService     : ⚠️ Impossible d'émettre l'alerte de création du ticket: Cannot invoke "com.sagem.g2ii.Entity.Inventaire.Article.getDesignation()" because "article" is null
2026-06-16T15:01:36.651+01:00  INFO 22176 --- [http-nio-8070-exec-2] com.sagem.g2ii.Service.TicketService     : 📨 [CRÉER TICKET] Début de création - Titre: Créer un nouveau ticket
2026-06-16T15:01:36.656+01:00  INFO 22176 --- [http-nio-8070-exec-2] com.sagem.g2ii.Service.TicketService     : 🔍 [OBTENIR SLA] Recherche pour Categorie: Installation Poste | Priorité: Haute
2026-06-16T15:01:36.667+01:00  INFO 22176 --- [http-nio-8070-exec-2] com.sagem.g2ii.Service.TicketService     : ✅ Ticket créé avec succès [ID: 62, Réf: SAG260616-0002]
2026-06-16T15:01:36.668+01:00 ERROR 22176 --- [http-nio-8070-exec-2] com.sagem.g2ii.Service.TicketService     : ⚠️ Impossible d'émettre l'alerte de création du ticket: Cannot invoke "com.sagem.g2ii.Entity.Inventaire.Article.getDesignation()" because "article" is null
2026-06-16T15:01:53.813+01:00  INFO 22176 --- [http-nio-8070-exec-8] com.sagem.g2ii.Service.TicketService     : 📨 [CRÉER TICKET] Début de création - Titre: Créer un nouveau ticket
2026-06-16T15:01:53.821+01:00  INFO 22176 --- [http-nio-8070-exec-8] com.sagem.g2ii.Service.TicketService     : 🔍 [OBTENIR SLA] Recherche pour Categorie: Installation Poste | Priorité: Basse
2026-06-16T15:01:53.841+01:00  INFO 22176 --- [http-nio-8070-exec-8] com.sagem.g2ii.Service.TicketService     : ✅ Ticket créé avec succès [ID: 63, Réf: SAG260616-0002]
2026-06-16T15:01:53.841+01:00 ERROR 22176 --- [http-nio-8070-exec-8] com.sagem.g2ii.Service.TicketService     : ⚠️ Impossible d'émettre l'alerte de création du ticket: Cannot invoke "com.sagem.g2ii.Entity.Inventaire.Article.getDesignation()" because "article" is null
2026-06-16T15:02:05.124+01:00  INFO 22176 --- [MessageBroker-4] o.s.w.s.c.WebSocketMessageBrokerStats    : WebSocketSession[0 current WS(0)-HttpStream(0)-HttpPoll(0), 0 total, 0 closed abnormally (0 connect failure, 0 send limit, 0 transport error)], stompSubProtocol[processed CONNECT(0)-CONNECTED(0)-DISCONNECT(0)], stompBrokerRelay[null], inboundChannel[pool size = 0, active threads = 0, queued tasks = 0, completed tasks = 0], outboundChannel[pool size = 0, active threads = 0, queued tasks = 0, completed tasks = 0], sockJsScheduler[pool size = 6, active threads = 1, queued tasks = 3, completed tasks = 2]
2026-06-16T15:02:06.705+01:00  INFO 22176 --- [http-nio-8070-exec-7] com.sagem.g2ii.Service.TicketService     : 📨 [CRÉER TICKET] Début de création - Titre: Créer un nouveau ticket   ddddd
2026-06-16T15:02:06.711+01:00  INFO 22176 --- [http-nio-8070-exec-7] com.sagem.g2ii.Service.TicketService     : 🔍 [OBTENIR SLA] Recherche pour Categorie: Installation Poste | Priorité: Basse
2026-06-16T15:02:06.726+01:00  INFO 22176 --- [http-nio-8070-exec-7] com.sagem.g2ii.Service.TicketService     : ✅ Ticket créé avec succès [ID: 64, Réf: SAG260616-0002]
2026-06-16T15:02:06.726+01:00 ERROR 22176 --- [http-nio-8070-exec-7] com.sagem.g2ii.Service.TicketService     : ⚠️ Impossible d'émettre l'alerte de création du ticket: Cannot invoke "com.sagem.g2ii.Entity.Inventaire.Article.getDesignation()" because "article" is null
2026-06-16T15:03:35.234+01:00  WARN 22176 --- [HikariPool-1 housekeeper] com.zaxxer.hikari.pool.HikariPool        : HikariPool-1 - Thread starvation or clock leap detected (housekeeper delta=1m11s875ms164µs400ns).
2026-06-16T15:04:11.449+01:00  INFO 22176 --- [http-nio-8070-exec-10] c.s.g2ii.Service.JournalAuditService     : AUDIT SÉCURITÉ - Action: CONNEXION | IP: 0:0:0:0:0:0:0:1 | User: ouechtatisamih@gmail.com | Détails: Connexion réussie
2026-06-16T15:04:11.495+01:00  INFO 22176 --- [http-nio-8070-exec-3] c.s.g2ii.Controller.ArticleController    : GET /articles/inventory/statistiques
2026-06-16T15:04:11.521+01:00  INFO 22176 --- [http-nio-8070-exec-8] c.s.g.C.DemandeMaterielController        : 📋 GET /demandes-materiel/en-attente
2026-06-16T15:04:11.523+01:00  INFO 22176 --- [http-nio-8070-exec-5] c.s.g2ii.Controller.AlerteController     : 📊 GET /api/inventory/alertes/dashboard
2026-06-16T15:04:11.523+01:00  INFO 22176 --- [http-nio-8070-exec-8] c.s.g2ii.Service.DemandeMaterielService  : 📋 Récupération demandes en attente
2026-06-16T15:04:11.615+01:00  INFO 22176 --- [http-nio-8070-exec-8] c.s.g2ii.Service.DemandeMaterielService  : 📋 Total: 7 demandes en attente
2026-06-16T15:04:21.094+01:00  INFO 22176 --- [http-nio-8070-exec-9] c.s.g2ii.Service.JournalAuditService     : AUDIT SÉCURITÉ - Action: CONNEXION | IP: 0:0:0:0:0:0:0:1 | User: ouechtatisamih@gmail.com | Détails: Connexion réussie
2026-06-16T15:04:21.118+01:00  INFO 22176 --- [http-nio-8070-exec-10] c.s.g2ii.Controller.ArticleController    : GET /articles/inventory/statistiques
2026-06-16T15:04:21.140+01:00  INFO 22176 --- [http-nio-8070-exec-5] c.s.g2ii.Controller.AlerteController     : 📊 GET /api/inventory/alertes/dashboard
2026-06-16T15:04:21.143+01:00  INFO 22176 --- [http-nio-8070-exec-3] c.s.g.C.DemandeMaterielController        : 📋 GET /demandes-materiel/en-attente
2026-06-16T15:04:21.144+01:00  INFO 22176 --- [http-nio-8070-exec-3] c.s.g2ii.Service.DemandeMaterielService  : 📋 Récupération demandes en attente
2026-06-16T15:04:21.179+01:00  INFO 22176 --- [http-nio-8070-exec-3] c.s.g2ii.Service.DemandeMaterielService  : 📋 Total: 7 demandes en attente
2026-06-16T15:05:31.677+01:00  INFO 22176 --- [http-nio-8070-exec-5] c.s.g2ii.Service.JournalAuditService     : AUDIT SÉCURITÉ - Action: CONNEXION | IP: 0:0:0:0:0:0:0:1 | User: samah.ouechtati@esprit.tn | Détails: Connexion réussie
2026-06-16T15:05:39.038+01:00  INFO 22176 --- [http-nio-8070-exec-2] c.s.g.Controller.PieceJointeController   : 📋 GET /ticket/60
2026-06-16T15:05:39.038+01:00  INFO 22176 --- [http-nio-8070-exec-2] c.sagem.g2ii.Service.PieceJointeService  : 📋 Récupération pièces jointes du ticket: 60
2026-06-16T15:05:39.071+01:00  INFO 22176 --- [http-nio-8070-exec-8] c.s.g.Controller.PieceJointeController   : 📋 GET /ticket/60
2026-06-16T15:05:39.072+01:00  INFO 22176 --- [http-nio-8070-exec-8] c.sagem.g2ii.Service.PieceJointeService  : 📋 Récupération pièces jointes du ticket: 60
2026-06-16T15:07:04.007+01:00  INFO 22176 --- [http-nio-8070-exec-4] com.sagem.g2ii.Service.TicketService     : 📨 [CRÉER TICKET] Début de création - Titre: INt 01111
2026-06-16T15:07:04.013+01:00  INFO 22176 --- [http-nio-8070-exec-4] com.sagem.g2ii.Service.TicketService     : 🔍 [OBTENIR SLA] Recherche pour Categorie: Demande D'intervention Réseaux IT | Priorité: Critique
2026-06-16T15:07:04.030+01:00  INFO 22176 --- [http-nio-8070-exec-4] com.sagem.g2ii.Service.TicketService     : ✅ Ticket créé avec succès [ID: 65, Réf: SAG260616-0002]
2026-06-16T15:07:04.030+01:00 ERROR 22176 --- [http-nio-8070-exec-4] com.sagem.g2ii.Service.TicketService     : ⚠️ Impossible d'émettre l'alerte de création du ticket: Cannot invoke "com.sagem.g2ii.Entity.Inventaire.Article.getDesignation()" because "article" is null
2026-06-16T15:09:12.372+01:00  INFO 22176 --- [SpringApplicationShutdownHook] o.s.m.s.b.SimpleBrokerMessageHandler     : Stopping...
2026-06-16T15:09:12.372+01:00  INFO 22176 --- [SpringApplicationShutdownHook] o.s.m.s.b.SimpleBrokerMessageHandler     : BrokerAvailabilityEvent[available=false, SimpleBrokerMessageHandler [org.springframework.messaging.simp.broker.DefaultSubscriptionRegistry@416e5cb]]
2026-06-16T15:09:12.372+01:00  INFO 22176 --- [SpringApplicationShutdownHook] o.s.m.s.b.SimpleBrokerMessageHandler     : Stopped.
2026-06-16T15:09:12.404+01:00  INFO 22176 --- [SpringApplicationShutdownHook] j.LocalContainerEntityManagerFactoryBean : Closing JPA EntityManagerFactory for persistence unit 'default'
2026-06-16T15:09:12.406+01:00  INFO 22176 --- [SpringApplicationShutdownHook] com.zaxxer.hikari.HikariDataSource       : HikariPool-1 - Shutdown initiated...
2026-06-16T15:09:12.413+01:00  INFO 22176 --- [SpringApplicationShutdownHook] com.zaxxer.hikari.HikariDataSource       : HikariPool-1 - Shutdown completed.
2026-06-16T15:09:18.105+01:00  INFO 35388 --- [main] com.sagem.g2ii.G2iiApplication           : Starting G2iiApplication using Java 17.0.8.1 with PID 35388 (D:\Test pfe 2026\g2ii\target\classes started by LENOVO in D:\Test pfe 2026\g2ii)
2026-06-16T15:09:18.107+01:00 DEBUG 35388 --- [main] com.sagem.g2ii.G2iiApplication           : Running with Spring Boot v3.1.8, Spring v6.0.16
2026-06-16T15:09:18.108+01:00  INFO 35388 --- [main] com.sagem.g2ii.G2iiApplication           : No active profile set, falling back to 1 default profile: "default"
2026-06-16T15:09:19.221+01:00  INFO 35388 --- [main] .s.d.r.c.RepositoryConfigurationDelegate : Bootstrapping Spring Data JPA repositories in DEFAULT mode.
2026-06-16T15:09:19.345+01:00  INFO 35388 --- [main] .s.d.r.c.RepositoryConfigurationDelegate : Finished Spring Data repository scanning in 115 ms. Found 24 JPA repository interfaces.
2026-06-16T15:09:20.218+01:00  INFO 35388 --- [main] o.s.b.w.embedded.tomcat.TomcatWebServer  : Tomcat initialized with port(s): 8070 (http)
2026-06-16T15:09:20.233+01:00  INFO 35388 --- [main] o.apache.catalina.core.StandardService   : Starting service [Tomcat]
2026-06-16T15:09:20.233+01:00  INFO 35388 --- [main] o.apache.catalina.core.StandardEngine    : Starting Servlet engine: [Apache Tomcat/10.1.18]
2026-06-16T15:09:20.361+01:00  INFO 35388 --- [main] o.a.c.c.C.[Tomcat].[localhost].[/]       : Initializing Spring embedded WebApplicationContext
2026-06-16T15:09:20.361+01:00  INFO 35388 --- [main] w.s.c.ServletWebServerApplicationContext : Root WebApplicationContext: initialization completed in 2173 ms
2026-06-16T15:09:20.556+01:00  INFO 35388 --- [main] o.hibernate.jpa.internal.util.LogHelper  : HHH000204: Processing PersistenceUnitInfo [name: default]
2026-06-16T15:09:20.631+01:00  INFO 35388 --- [main] org.hibernate.Version                    : HHH000412: Hibernate ORM core version 6.2.20.Final
2026-06-16T15:09:20.635+01:00  INFO 35388 --- [main] org.hibernate.cfg.Environment            : HHH000406: Using bytecode reflection optimizer
2026-06-16T15:09:20.940+01:00  INFO 35388 --- [main] o.s.o.j.p.SpringPersistenceUnitInfo      : No LoadTimeWeaver setup: ignoring JPA class transformer
2026-06-16T15:09:20.996+01:00  INFO 35388 --- [main] com.zaxxer.hikari.HikariDataSource       : HikariPool-1 - Starting...
2026-06-16T15:09:21.238+01:00  INFO 35388 --- [main] com.zaxxer.hikari.pool.HikariPool        : HikariPool-1 - Added connection org.postgresql.jdbc.PgConnection@cf9bd1e
2026-06-16T15:09:21.239+01:00  INFO 35388 --- [main] com.zaxxer.hikari.HikariDataSource       : HikariPool-1 - Start completed.
2026-06-16T15:09:21.272+01:00  WARN 35388 --- [main] org.hibernate.orm.deprecation            : HHH90000025: PostgreSQLDialect does not need to be specified explicitly using 'hibernate.dialect' (remove the property setting and it will be selected by default)
2026-06-16T15:09:22.754+01:00  INFO 35388 --- [main] o.h.e.t.j.p.i.JtaPlatformInitiator       : HHH000489: No JTA platform available (set 'hibernate.transaction.jta.platform' to enable JTA platform integration)
2026-06-16T15:09:23.041+01:00  INFO 35388 --- [main] j.LocalContainerEntityManagerFactoryBean : Initialized JPA EntityManagerFactory for persistence unit 'default'
2026-06-16T15:09:23.488+01:00 DEBUG 35388 --- [main] c.s.g.securiter.JwtAuthenticationFilter  : Filter 'jwtAuthenticationFilter' configured for use
2026-06-16T15:09:23.797+01:00  INFO 35388 --- [main] o.s.d.j.r.query.QueryEnhancerFactory     : Hibernate is in classpath; If applicable, HQL parser will be used.
2026-06-16T15:09:25.170+01:00  WARN 35388 --- [main] JpaBaseConfiguration$JpaWebConfiguration : spring.jpa.open-in-view is enabled by default. Therefore, database queries may be performed during view rendering. Explicitly configure spring.jpa.open-in-view to disable this warning
2026-06-16T15:09:25.505+01:00  INFO 35388 --- [main] o.s.s.web.DefaultSecurityFilterChain     : Will secure any request with [org.springframework.security.web.session.DisableEncodeUrlFilter@34ded59f, org.springframework.security.web.context.request.async.WebAsyncManagerIntegrationFilter@5fbcc71d, org.springframework.security.web.context.SecurityContextHolderFilter@2273255e, org.springframework.security.web.header.HeaderWriterFilter@a04462d, org.springframework.web.filter.CorsFilter@3cfa429c, org.springframework.security.web.authentication.logout.LogoutFilter@51f39482, com.sagem.g2ii.securiter.JwtAuthenticationFilter@4cce421e, org.springframework.security.web.savedrequest.RequestCacheAwareFilter@467c77b2, org.springframework.security.web.servletapi.SecurityContextHolderAwareRequestFilter@711534f7, org.springframework.security.web.authentication.AnonymousAuthenticationFilter@4bd42698, org.springframework.security.web.session.SessionManagementFilter@44ca5127, org.springframework.security.web.access.ExceptionTranslationFilter@42bd5540, org.springframework.security.web.access.intercept.AuthorizationFilter@42e52d94]
2026-06-16T15:09:25.833+01:00  INFO 35388 --- [main] o.s.b.w.embedded.tomcat.TomcatWebServer  : Tomcat started on port(s): 8070 (http) with context path ''
2026-06-16T15:09:25.835+01:00  INFO 35388 --- [main] o.s.m.s.b.SimpleBrokerMessageHandler     : Starting...
2026-06-16T15:09:25.837+01:00  INFO 35388 --- [main] o.s.m.s.b.SimpleBrokerMessageHandler     : BrokerAvailabilityEvent[available=true, SimpleBrokerMessageHandler [org.springframework.messaging.simp.broker.DefaultSubscriptionRegistry@5aab7e3b]]
2026-06-16T15:09:25.838+01:00  INFO 35388 --- [main] o.s.m.s.b.SimpleBrokerMessageHandler     : Started.
2026-06-16T15:09:25.851+01:00  INFO 35388 --- [main] com.sagem.g2ii.G2iiApplication           : Started G2iiApplication in 8.34 seconds (process running for 8.84)
2026-06-16T15:09:32.520+01:00  INFO 35388 --- [http-nio-8070-exec-1] o.a.c.c.C.[Tomcat].[localhost].[/]       : Initializing Spring DispatcherServlet 'dispatcherServlet'
2026-06-16T15:09:32.521+01:00  INFO 35388 --- [http-nio-8070-exec-1] o.s.web.servlet.DispatcherServlet        : Initializing Servlet 'dispatcherServlet'
2026-06-16T15:09:32.525+01:00  INFO 35388 --- [http-nio-8070-exec-1] o.s.web.servlet.DispatcherServlet        : Completed initialization in 3 ms
2026-06-16T15:09:32.735+01:00  INFO 35388 --- [http-nio-8070-exec-2] com.sagem.g2ii.Service.TicketService     : 📨 [CRÉER TICKET] Début de création - Titre: INt 01111
2026-06-16T15:09:32.754+01:00  INFO 35388 --- [http-nio-8070-exec-2] com.sagem.g2ii.Service.TicketService     : 🔍 [OBTENIR SLA] Recherche pour Categorie: Demande D'intervention Réseaux IT | Priorité: Critique
2026-06-16T15:09:32.827+01:00  INFO 35388 --- [http-nio-8070-exec-2] com.sagem.g2ii.Service.TicketService     : ✅ Ticket créé avec succès [ID: 66, Réf: SAG260616-0002]
2026-06-16T15:09:32.827+01:00 ERROR 35388 --- [http-nio-8070-exec-2] com.sagem.g2ii.Service.TicketService     : ⚠️ Impossible d'émettre l'alerte de création du ticket: Cannot invoke "com.sagem.g2ii.Entity.Inventaire.Article.getDesignation()" because "article" is null
2026-06-16T15:09:53.028+01:00  INFO 35388 --- [http-nio-8070-exec-8] com.sagem.g2ii.Service.TicketService     : 📨 [CRÉER TICKET] Début de création - Titre: INt 011111122
2026-06-16T15:09:53.038+01:00  INFO 35388 --- [http-nio-8070-exec-8] com.sagem.g2ii.Service.TicketService     : 🔍 [OBTENIR SLA] Recherche pour Categorie: Demande D'intervention Réseaux IT | Priorité: Critique
2026-06-16T15:09:53.052+01:00  INFO 35388 --- [http-nio-8070-exec-8] com.sagem.g2ii.Service.TicketService     : ✅ Ticket créé avec succès [ID: 67, Réf: SAG260616-0002]
2026-06-16T15:09:53.052+01:00 ERROR 35388 --- [http-nio-8070-exec-8] com.sagem.g2ii.Service.TicketService     : ⚠️ Impossible d'émettre l'alerte de création du ticket: Cannot invoke "com.sagem.g2ii.Entity.Inventaire.Article.getDesignation()" because "article" is null
2026-06-16T15:10:25.822+01:00  INFO 35388 --- [MessageBroker-3] o.s.w.s.c.WebSocketMessageBrokerStats    : WebSocketSession[0 current WS(0)-HttpStream(0)-HttpPoll(0), 0 total, 0 closed abnormally (0 connect failure, 0 send limit, 0 transport error)], stompSubProtocol[processed CONNECT(0)-CONNECTED(0)-DISCONNECT(0)], stompBrokerRelay[null], inboundChannel[pool size = 0, active threads = 0, queued tasks = 0, completed tasks = 0], outboundChannel[pool size = 0, active threads = 0, queued tasks = 0, completed tasks = 0], sockJsScheduler[pool size = 6, active threads = 1, queued tasks = 3, completed tasks = 2]
2026-06-16T15:11:22.181+01:00  INFO 35388 --- [SpringApplicationShutdownHook] o.s.m.s.b.SimpleBrokerMessageHandler     : Stopping...
2026-06-16T15:11:22.181+01:00  INFO 35388 --- [SpringApplicationShutdownHook] o.s.m.s.b.SimpleBrokerMessageHandler     : BrokerAvailabilityEvent[available=false, SimpleBrokerMessageHandler [org.springframework.messaging.simp.broker.DefaultSubscriptionRegistry@5aab7e3b]]
2026-06-16T15:11:22.181+01:00  INFO 35388 --- [SpringApplicationShutdownHook] o.s.m.s.b.SimpleBrokerMessageHandler     : Stopped.
2026-06-16T15:11:22.204+01:00  INFO 35388 --- [SpringApplicationShutdownHook] j.LocalContainerEntityManagerFactoryBean : Closing JPA EntityManagerFactory for persistence unit 'default'
2026-06-16T15:11:22.206+01:00  INFO 35388 --- [SpringApplicationShutdownHook] com.zaxxer.hikari.HikariDataSource       : HikariPool-1 - Shutdown initiated...
2026-06-16T15:11:22.214+01:00  INFO 35388 --- [SpringApplicationShutdownHook] com.zaxxer.hikari.HikariDataSource       : HikariPool-1 - Shutdown completed.
2026-06-16T15:11:26.646+01:00  INFO 32196 --- [main] com.sagem.g2ii.G2iiApplication           : Starting G2iiApplication using Java 17.0.8.1 with PID 32196 (D:\Test pfe 2026\g2ii\target\classes started by LENOVO in D:\Test pfe 2026\g2ii)
2026-06-16T15:11:26.648+01:00 DEBUG 32196 --- [main] com.sagem.g2ii.G2iiApplication           : Running with Spring Boot v3.1.8, Spring v6.0.16
2026-06-16T15:11:26.649+01:00  INFO 32196 --- [main] com.sagem.g2ii.G2iiApplication           : No active profile set, falling back to 1 default profile: "default"
2026-06-16T15:11:27.794+01:00  INFO 32196 --- [main] .s.d.r.c.RepositoryConfigurationDelegate : Bootstrapping Spring Data JPA repositories in DEFAULT mode.
2026-06-16T15:11:27.970+01:00  INFO 32196 --- [main] .s.d.r.c.RepositoryConfigurationDelegate : Finished Spring Data repository scanning in 165 ms. Found 24 JPA repository interfaces.
2026-06-16T15:11:28.813+01:00  INFO 32196 --- [main] o.s.b.w.embedded.tomcat.TomcatWebServer  : Tomcat initialized with port(s): 8070 (http)
2026-06-16T15:11:28.826+01:00  INFO 32196 --- [main] o.apache.catalina.core.StandardService   : Starting service [Tomcat]
2026-06-16T15:11:28.826+01:00  INFO 32196 --- [main] o.apache.catalina.core.StandardEngine    : Starting Servlet engine: [Apache Tomcat/10.1.18]
2026-06-16T15:11:28.959+01:00  INFO 32196 --- [main] o.a.c.c.C.[Tomcat].[localhost].[/]       : Initializing Spring embedded WebApplicationContext
2026-06-16T15:11:28.959+01:00  INFO 32196 --- [main] w.s.c.ServletWebServerApplicationContext : Root WebApplicationContext: initialization completed in 2237 ms
2026-06-16T15:11:29.178+01:00  INFO 32196 --- [main] o.hibernate.jpa.internal.util.LogHelper  : HHH000204: Processing PersistenceUnitInfo [name: default]
2026-06-16T15:11:29.258+01:00  INFO 32196 --- [main] org.hibernate.Version                    : HHH000412: Hibernate ORM core version 6.2.20.Final
2026-06-16T15:11:29.261+01:00  INFO 32196 --- [main] org.hibernate.cfg.Environment            : HHH000406: Using bytecode reflection optimizer
2026-06-16T15:11:29.505+01:00  INFO 32196 --- [main] o.s.o.j.p.SpringPersistenceUnitInfo      : No LoadTimeWeaver setup: ignoring JPA class transformer
2026-06-16T15:11:29.533+01:00  INFO 32196 --- [main] com.zaxxer.hikari.HikariDataSource       : HikariPool-1 - Starting...
2026-06-16T15:11:29.739+01:00  INFO 32196 --- [main] com.zaxxer.hikari.pool.HikariPool        : HikariPool-1 - Added connection org.postgresql.jdbc.PgConnection@4ab455e2
2026-06-16T15:11:29.741+01:00  INFO 32196 --- [main] com.zaxxer.hikari.HikariDataSource       : HikariPool-1 - Start completed.
2026-06-16T15:11:29.778+01:00  WARN 32196 --- [main] org.hibernate.orm.deprecation            : HHH90000025: PostgreSQLDialect does not need to be specified explicitly using 'hibernate.dialect' (remove the property setting and it will be selected by default)
2026-06-16T15:11:31.289+01:00  INFO 32196 --- [main] o.h.e.t.j.p.i.JtaPlatformInitiator       : HHH000489: No JTA platform available (set 'hibernate.transaction.jta.platform' to enable JTA platform integration)
2026-06-16T15:11:31.590+01:00  INFO 32196 --- [main] j.LocalContainerEntityManagerFactoryBean : Initialized JPA EntityManagerFactory for persistence unit 'default'
2026-06-16T15:11:31.986+01:00 DEBUG 32196 --- [main] c.s.g.securiter.JwtAuthenticationFilter  : Filter 'jwtAuthenticationFilter' configured for use
2026-06-16T15:11:32.325+01:00  INFO 32196 --- [main] o.s.d.j.r.query.QueryEnhancerFactory     : Hibernate is in classpath; If applicable, HQL parser will be used.
2026-06-16T15:11:33.593+01:00  WARN 32196 --- [main] JpaBaseConfiguration$JpaWebConfiguration : spring.jpa.open-in-view is enabled by default. Therefore, database queries may be performed during view rendering. Explicitly configure spring.jpa.open-in-view to disable this warning
2026-06-16T15:11:33.921+01:00  INFO 32196 --- [main] o.s.s.web.DefaultSecurityFilterChain     : Will secure any request with [org.springframework.security.web.session.DisableEncodeUrlFilter@1531ec6, org.springframework.security.web.context.request.async.WebAsyncManagerIntegrationFilter@135d3ade, org.springframework.security.web.context.SecurityContextHolderFilter@1b9bb6e6, org.springframework.security.web.header.HeaderWriterFilter@30012b46, org.springframework.web.filter.CorsFilter@54e9d42e, org.springframework.security.web.authentication.logout.LogoutFilter@1463efcc, com.sagem.g2ii.securiter.JwtAuthenticationFilter@77c41838, org.springframework.security.web.savedrequest.RequestCacheAwareFilter@609047a6, org.springframework.security.web.servletapi.SecurityContextHolderAwareRequestFilter@2d741755, org.springframework.security.web.authentication.AnonymousAuthenticationFilter@3d876f9e, org.springframework.security.web.session.SessionManagementFilter@1235d778, org.springframework.security.web.access.ExceptionTranslationFilter@633f8efd, org.springframework.security.web.access.intercept.AuthorizationFilter@715c680a]
2026-06-16T15:11:34.398+01:00  INFO 32196 --- [main] o.s.b.w.embedded.tomcat.TomcatWebServer  : Tomcat started on port(s): 8070 (http) with context path ''
2026-06-16T15:11:34.400+01:00  INFO 32196 --- [main] o.s.m.s.b.SimpleBrokerMessageHandler     : Starting...
2026-06-16T15:11:34.402+01:00  INFO 32196 --- [main] o.s.m.s.b.SimpleBrokerMessageHandler     : BrokerAvailabilityEvent[available=true, SimpleBrokerMessageHandler [org.springframework.messaging.simp.broker.DefaultSubscriptionRegistry@51cea39e]]
2026-06-16T15:11:34.402+01:00  INFO 32196 --- [main] o.s.m.s.b.SimpleBrokerMessageHandler     : Started.
2026-06-16T15:11:34.416+01:00  INFO 32196 --- [main] com.sagem.g2ii.G2iiApplication           : Started G2iiApplication in 8.403 seconds (process running for 8.879)
2026-06-16T15:11:42.349+01:00  INFO 32196 --- [http-nio-8070-exec-1] o.a.c.c.C.[Tomcat].[localhost].[/]       : Initializing Spring DispatcherServlet 'dispatcherServlet'
2026-06-16T15:11:42.349+01:00  INFO 32196 --- [http-nio-8070-exec-1] o.s.web.servlet.DispatcherServlet        : Initializing Servlet 'dispatcherServlet'
2026-06-16T15:11:42.351+01:00  INFO 32196 --- [http-nio-8070-exec-1] o.s.web.servlet.DispatcherServlet        : Completed initialization in 1 ms
2026-06-16T15:12:34.387+01:00  INFO 32196 --- [MessageBroker-3] o.s.w.s.c.WebSocketMessageBrokerStats    : WebSocketSession[0 current WS(0)-HttpStream(0)-HttpPoll(0), 0 total, 0 closed abnormally (0 connect failure, 0 send limit, 0 transport error)], stompSubProtocol[processed CONNECT(0)-CONNECTED(0)-DISCONNECT(0)], stompBrokerRelay[null], inboundChannel[pool size = 0, active threads = 0, queued tasks = 0, completed tasks = 0], outboundChannel[pool size = 0, active threads = 0, queued tasks = 0, completed tasks = 0], sockJsScheduler[pool size = 6, active threads = 1, queued tasks = 3, completed tasks = 2]
2026-06-16T15:12:54.537+01:00  INFO 32196 --- [http-nio-8070-exec-8] c.s.g2ii.Controller.ArticleController    : GET /articles/inventory/statistiques
2026-06-16T15:12:54.548+01:00  INFO 32196 --- [http-nio-8070-exec-1] c.s.g2ii.Controller.ArticleController    : GET /articles/inventory/valeur-par-type
2026-06-16T15:42:34.393+01:00  INFO 32196 --- [MessageBroker-1] o.s.w.s.c.WebSocketMessageBrokerStats    : WebSocketSession[0 current WS(0)-HttpStream(0)-HttpPoll(0), 0 total, 0 closed abnormally (0 connect failure, 0 send limit, 0 transport error)], stompSubProtocol[processed CONNECT(0)-CONNECTED(0)-DISCONNECT(0)], stompBrokerRelay[null], inboundChannel[pool size = 0, active threads = 0, queued tasks = 0, completed tasks = 0], outboundChannel[pool size = 0, active threads = 0, queued tasks = 0, completed tasks = 0], sockJsScheduler[pool size = 8, active threads = 1, queued tasks = 3, completed tasks = 11]
2026-06-16T16:12:34.399+01:00  INFO 32196 --- [MessageBroker-4] o.s.w.s.c.WebSocketMessageBrokerStats    : WebSocketSession[0 current WS(0)-HttpStream(0)-HttpPoll(0), 0 total, 0 closed abnormally (0 connect failure, 0 send limit, 0 transport error)], stompSubProtocol[processed CONNECT(0)-CONNECTED(0)-DISCONNECT(0)], stompBrokerRelay[null], inboundChannel[pool size = 0, active threads = 0, queued tasks = 0, completed tasks = 0], outboundChannel[pool size = 0, active threads = 0, queued tasks = 0, completed tasks = 0], sockJsScheduler[pool size = 8, active threads = 1, queued tasks = 3, completed tasks = 20]
2026-06-16T16:14:29.649+01:00  INFO 32196 --- [http-nio-8070-exec-1] c.s.g2ii.Service.JournalAuditService     : AUDIT SÉCURITÉ - Action: CONNEXION | IP: 0:0:0:0:0:0:0:1 | User: sameh20950@gmail.com | Détails: Connexion réussie
2026-06-16T16:14:32.057+01:00  INFO 32196 --- [http-nio-8070-exec-10] c.s.g2ii.Controller.ArticleController    : GET /articles/inventory/statistiques
2026-06-16T16:14:32.059+01:00  INFO 32196 --- [http-nio-8070-exec-6] c.s.g2ii.Controller.ArticleController    : GET /articles/inventory/valeur-par-type
2026-06-16T16:32:02.038+01:00  INFO 32196 --- [SpringApplicationShutdownHook] o.s.m.s.b.SimpleBrokerMessageHandler     : Stopping...
2026-06-16T16:32:02.038+01:00  INFO 32196 --- [SpringApplicationShutdownHook] o.s.m.s.b.SimpleBrokerMessageHandler     : BrokerAvailabilityEvent[available=false, SimpleBrokerMessageHandler [org.springframework.messaging.simp.broker.DefaultSubscriptionRegistry@51cea39e]]
2026-06-16T16:32:02.039+01:00  INFO 32196 --- [SpringApplicationShutdownHook] o.s.m.s.b.SimpleBrokerMessageHandler     : Stopped.
2026-06-16T16:32:02.086+01:00  INFO 32196 --- [SpringApplicationShutdownHook] j.LocalContainerEntityManagerFactoryBean : Closing JPA EntityManagerFactory for persistence unit 'default'
2026-06-16T16:32:02.097+01:00  INFO 32196 --- [SpringApplicationShutdownHook] com.zaxxer.hikari.HikariDataSource       : HikariPool-1 - Shutdown initiated...
2026-06-16T16:32:02.102+01:00  INFO 32196 --- [SpringApplicationShutdownHook] com.zaxxer.hikari.HikariDataSource       : HikariPool-1 - Shutdown completed.
2026-06-16T16:32:04.809+01:00  INFO 29584 --- [main] com.sagem.g2ii.G2iiApplication           : Starting G2iiApplication using Java 17.0.8.1 with PID 29584 (D:\Test pfe 2026\g2ii\target\classes started by LENOVO in D:\Test pfe 2026\g2ii)
2026-06-16T16:32:04.811+01:00 DEBUG 29584 --- [main] com.sagem.g2ii.G2iiApplication           : Running with Spring Boot v3.1.8, Spring v6.0.16
2026-06-16T16:32:04.812+01:00  INFO 29584 --- [main] com.sagem.g2ii.G2iiApplication           : No active profile set, falling back to 1 default profile: "default"
2026-06-16T16:32:05.915+01:00  INFO 29584 --- [main] .s.d.r.c.RepositoryConfigurationDelegate : Bootstrapping Spring Data JPA repositories in DEFAULT mode.
2026-06-16T16:32:06.043+01:00  INFO 29584 --- [main] .s.d.r.c.RepositoryConfigurationDelegate : Finished Spring Data repository scanning in 120 ms. Found 24 JPA repository interfaces.
2026-06-16T16:32:06.818+01:00  INFO 29584 --- [main] o.s.b.w.embedded.tomcat.TomcatWebServer  : Tomcat initialized with port(s): 8070 (http)
2026-06-16T16:32:06.830+01:00  INFO 29584 --- [main] o.apache.catalina.core.StandardService   : Starting service [Tomcat]
2026-06-16T16:32:06.831+01:00  INFO 29584 --- [main] o.apache.catalina.core.StandardEngine    : Starting Servlet engine: [Apache Tomcat/10.1.18]
2026-06-16T16:32:06.948+01:00  INFO 29584 --- [main] o.a.c.c.C.[Tomcat].[localhost].[/]       : Initializing Spring embedded WebApplicationContext
2026-06-16T16:32:06.948+01:00  INFO 29584 --- [main] w.s.c.ServletWebServerApplicationContext : Root WebApplicationContext: initialization completed in 2075 ms
2026-06-16T16:32:07.149+01:00  INFO 29584 --- [main] o.hibernate.jpa.internal.util.LogHelper  : HHH000204: Processing PersistenceUnitInfo [name: default]
2026-06-16T16:32:07.217+01:00  INFO 29584 --- [main] org.hibernate.Version                    : HHH000412: Hibernate ORM core version 6.2.20.Final
2026-06-16T16:32:07.220+01:00  INFO 29584 --- [main] org.hibernate.cfg.Environment            : HHH000406: Using bytecode reflection optimizer
2026-06-16T16:32:07.477+01:00  INFO 29584 --- [main] o.s.o.j.p.SpringPersistenceUnitInfo      : No LoadTimeWeaver setup: ignoring JPA class transformer
2026-06-16T16:32:07.506+01:00  INFO 29584 --- [main] com.zaxxer.hikari.HikariDataSource       : HikariPool-1 - Starting...
2026-06-16T16:32:07.710+01:00  INFO 29584 --- [main] com.zaxxer.hikari.pool.HikariPool        : HikariPool-1 - Added connection org.postgresql.jdbc.PgConnection@7ac685ef
2026-06-16T16:32:07.712+01:00  INFO 29584 --- [main] com.zaxxer.hikari.HikariDataSource       : HikariPool-1 - Start completed.
2026-06-16T16:32:07.756+01:00  WARN 29584 --- [main] org.hibernate.orm.deprecation            : HHH90000025: PostgreSQLDialect does not need to be specified explicitly using 'hibernate.dialect' (remove the property setting and it will be selected by default)
2026-06-16T16:32:09.200+01:00  INFO 29584 --- [main] o.h.e.t.j.p.i.JtaPlatformInitiator       : HHH000489: No JTA platform available (set 'hibernate.transaction.jta.platform' to enable JTA platform integration)
2026-06-16T16:32:09.550+01:00  INFO 29584 --- [main] j.LocalContainerEntityManagerFactoryBean : Initialized JPA EntityManagerFactory for persistence unit 'default'
2026-06-16T16:32:09.977+01:00 DEBUG 29584 --- [main] c.s.g.securiter.JwtAuthenticationFilter  : Filter 'jwtAuthenticationFilter' configured for use
2026-06-16T16:32:10.255+01:00  INFO 29584 --- [main] o.s.d.j.r.query.QueryEnhancerFactory     : Hibernate is in classpath; If applicable, HQL parser will be used.
2026-06-16T16:32:11.421+01:00  WARN 29584 --- [main] JpaBaseConfiguration$JpaWebConfiguration : spring.jpa.open-in-view is enabled by default. Therefore, database queries may be performed during view rendering. Explicitly configure spring.jpa.open-in-view to disable this warning
2026-06-16T16:32:11.736+01:00  INFO 29584 --- [main] o.s.s.web.DefaultSecurityFilterChain     : Will secure any request with [org.springframework.security.web.session.DisableEncodeUrlFilter@54e9d42e, org.springframework.security.web.context.request.async.WebAsyncManagerIntegrationFilter@3d876f9e, org.springframework.security.web.context.SecurityContextHolderFilter@609047a6, org.springframework.security.web.header.HeaderWriterFilter@5a04e7ef, org.springframework.web.filter.CorsFilter@24bbe3c6, org.springframework.security.web.authentication.logout.LogoutFilter@69dd03a0, com.sagem.g2ii.securiter.JwtAuthenticationFilter@70720b78, org.springframework.security.web.savedrequest.RequestCacheAwareFilter@211b6256, org.springframework.security.web.servletapi.SecurityContextHolderAwareRequestFilter@3e39823a, org.springframework.security.web.authentication.AnonymousAuthenticationFilter@5ecab645, org.springframework.security.web.session.SessionManagementFilter@75ee4105, org.springframework.security.web.access.ExceptionTranslationFilter@30012b46, org.springframework.security.web.access.intercept.AuthorizationFilter@52777e0b]
2026-06-16T16:32:12.079+01:00  INFO 29584 --- [main] o.s.b.w.embedded.tomcat.TomcatWebServer  : Tomcat started on port(s): 8070 (http) with context path ''
2026-06-16T16:32:12.081+01:00  INFO 29584 --- [main] o.s.m.s.b.SimpleBrokerMessageHandler     : Starting...
2026-06-16T16:32:12.083+01:00  INFO 29584 --- [main] o.s.m.s.b.SimpleBrokerMessageHandler     : BrokerAvailabilityEvent[available=true, SimpleBrokerMessageHandler [org.springframework.messaging.simp.broker.DefaultSubscriptionRegistry@7cf9dc4c]]
2026-06-16T16:32:12.083+01:00  INFO 29584 --- [main] o.s.m.s.b.SimpleBrokerMessageHandler     : Started.
2026-06-16T16:32:12.094+01:00  INFO 29584 --- [main] com.sagem.g2ii.G2iiApplication           : Started G2iiApplication in 7.828 seconds (process running for 8.389)
2026-06-16T16:33:12.068+01:00  INFO 29584 --- [MessageBroker-3] o.s.w.s.c.WebSocketMessageBrokerStats    : WebSocketSession[0 current WS(0)-HttpStream(0)-HttpPoll(0), 0 total, 0 closed abnormally (0 connect failure, 0 send limit, 0 transport error)], stompSubProtocol[processed CONNECT(0)-CONNECTED(0)-DISCONNECT(0)], stompBrokerRelay[null], inboundChannel[pool size = 0, active threads = 0, queued tasks = 0, completed tasks = 0], outboundChannel[pool size = 0, active threads = 0, queued tasks = 0, completed tasks = 0], sockJsScheduler[pool size = 6, active threads = 1, queued tasks = 3, completed tasks = 2]
2026-06-16T16:44:52.492+01:00  INFO 29584 --- [http-nio-8070-exec-1] o.a.c.c.C.[Tomcat].[localhost].[/]       : Initializing Spring DispatcherServlet 'dispatcherServlet'
2026-06-16T16:44:52.493+01:00  INFO 29584 --- [http-nio-8070-exec-1] o.s.web.servlet.DispatcherServlet        : Initializing Servlet 'dispatcherServlet'
2026-06-16T16:44:52.495+01:00  INFO 29584 --- [http-nio-8070-exec-1] o.s.web.servlet.DispatcherServlet        : Completed initialization in 2 ms
2026-06-16T16:44:52.727+01:00  INFO 29584 --- [http-nio-8070-exec-2] c.s.g2ii.Service.JournalAuditService     : AUDIT SÉCURITÉ - Action: CONNEXION | IP: 0:0:0:0:0:0:0:1 | User: sameh20950@gmail.com | Détails: Connexion réussie
2026-06-16T16:54:14.715+01:00  INFO 29584 --- [http-nio-8070-exec-4] c.s.g2ii.Service.JournalAuditService     : AUDIT SÉCURITÉ - Action: CONNEXION | IP: 0:0:0:0:0:0:0:1 | User: sameh20950@gmail.com | Détails: Connexion réussie
2026-06-16T17:03:12.082+01:00  INFO 29584 --- [MessageBroker-2] o.s.w.s.c.WebSocketMessageBrokerStats    : WebSocketSession[0 current WS(0)-HttpStream(0)-HttpPoll(0), 0 total, 0 closed abnormally (0 connect failure, 0 send limit, 0 transport error)], stompSubProtocol[processed CONNECT(0)-CONNECTED(0)-DISCONNECT(0)], stompBrokerRelay[null], inboundChannel[pool size = 0, active threads = 0, queued tasks = 0, completed tasks = 0], outboundChannel[pool size = 0, active threads = 0, queued tasks = 0, completed tasks = 0], sockJsScheduler[pool size = 8, active threads = 1, queued tasks = 3, completed tasks = 11]
2026-06-16T17:33:12.097+01:00  INFO 29584 --- [MessageBroker-6] o.s.w.s.c.WebSocketMessageBrokerStats    : WebSocketSession[0 current WS(0)-HttpStream(0)-HttpPoll(0), 0 total, 0 closed abnormally (0 connect failure, 0 send limit, 0 transport error)], stompSubProtocol[processed CONNECT(0)-CONNECTED(0)-DISCONNECT(0)], stompBrokerRelay[null], inboundChannel[pool size = 0, active threads = 0, queued tasks = 0, completed tasks = 0], outboundChannel[pool size = 0, active threads = 0, queued tasks = 0, completed tasks = 0], sockJsScheduler[pool size = 8, active threads = 1, queued tasks = 3, completed tasks = 20]
2026-06-16T18:03:12.107+01:00  INFO 29584 --- [MessageBroker-2] o.s.w.s.c.WebSocketMessageBrokerStats    : WebSocketSession[0 current WS(0)-HttpStream(0)-HttpPoll(0), 0 total, 0 closed abnormally (0 connect failure, 0 send limit, 0 transport error)], stompSubProtocol[processed CONNECT(0)-CONNECTED(0)-DISCONNECT(0)], stompBrokerRelay[null], inboundChannel[pool size = 0, active threads = 0, queued tasks = 0, completed tasks = 0], outboundChannel[pool size = 0, active threads = 0, queued tasks = 0, completed tasks = 0], sockJsScheduler[pool size = 8, active threads = 1, queued tasks = 3, completed tasks = 29]
2026-06-16T18:33:12.122+01:00  INFO 29584 --- [MessageBroker-6] o.s.w.s.c.WebSocketMessageBrokerStats    : WebSocketSession[0 current WS(0)-HttpStream(0)-HttpPoll(0), 0 total, 0 closed abnormally (0 connect failure, 0 send limit, 0 transport error)], stompSubProtocol[processed CONNECT(0)-CONNECTED(0)-DISCONNECT(0)], stompBrokerRelay[null], inboundChannel[pool size = 0, active threads = 0, queued tasks = 0, completed tasks = 0], outboundChannel[pool size = 0, active threads = 0, queued tasks = 0, completed tasks = 0], sockJsScheduler[pool size = 8, active threads = 1, queued tasks = 3, completed tasks = 38]
2026-06-16T19:03:12.127+01:00  INFO 29584 --- [MessageBroker-5] o.s.w.s.c.WebSocketMessageBrokerStats    : WebSocketSession[0 current WS(0)-HttpStream(0)-HttpPoll(0), 0 total, 0 closed abnormally (0 connect failure, 0 send limit, 0 transport error)], stompSubProtocol[processed CONNECT(0)-CONNECTED(0)-DISCONNECT(0)], stompBrokerRelay[null], inboundChannel[pool size = 0, active threads = 0, queued tasks = 0, completed tasks = 0], outboundChannel[pool size = 0, active threads = 0, queued tasks = 0, completed tasks = 0], sockJsScheduler[pool size = 8, active threads = 1, queued tasks = 3, completed tasks = 47]
2026-06-16T19:33:12.135+01:00  INFO 29584 --- [MessageBroker-8] o.s.w.s.c.WebSocketMessageBrokerStats    : WebSocketSession[0 current WS(0)-HttpStream(0)-HttpPoll(0), 0 total, 0 closed abnormally (0 connect failure, 0 send limit, 0 transport error)], stompSubProtocol[processed CONNECT(0)-CONNECTED(0)-DISCONNECT(0)], stompBrokerRelay[null], inboundChannel[pool size = 0, active threads = 0, queued tasks = 0, completed tasks = 0], outboundChannel[pool size = 0, active threads = 0, queued tasks = 0, completed tasks = 0], sockJsScheduler[pool size = 8, active threads = 1, queued tasks = 3, completed tasks = 56]
2026-06-16T19:41:10.925+01:00  INFO 29584 --- [http-nio-8070-exec-8] c.s.g2ii.Service.JournalAuditService     : AUDIT SÉCURITÉ - Action: CONNEXION | IP: 0:0:0:0:0:0:0:1 | User: ghadaabidi20@gmail.com | Détails: Connexion réussie
2026-06-16T19:41:11.892+01:00  INFO 29584 --- [http-nio-8070-exec-9] c.s.g.C.DemandeMaterielController        : 📋 GET /demandes-materiel/mes-demandes - Utilisateur: 4
2026-06-16T19:41:11.892+01:00  INFO 29584 --- [http-nio-8070-exec-9] c.s.g2ii.Service.DemandeMaterielService  : 📋 Récupération demandes utilisateur: 4
2026-06-16T19:41:11.928+01:00  INFO 29584 --- [http-nio-8070-exec-9] c.s.g2ii.Service.DemandeMaterielService  : 📋 Total: 7 demandes pour utilisateur 4
2026-06-16T19:47:31.233+01:00  INFO 29584 --- [SpringApplicationShutdownHook] o.s.m.s.b.SimpleBrokerMessageHandler     : Stopping...
2026-06-16T19:47:31.233+01:00  INFO 29584 --- [SpringApplicationShutdownHook] o.s.m.s.b.SimpleBrokerMessageHandler     : BrokerAvailabilityEvent[available=false, SimpleBrokerMessageHandler [org.springframework.messaging.simp.broker.DefaultSubscriptionRegistry@7cf9dc4c]]
2026-06-16T19:47:31.234+01:00  INFO 29584 --- [SpringApplicationShutdownHook] o.s.m.s.b.SimpleBrokerMessageHandler     : Stopped.
2026-06-16T19:47:31.260+01:00  INFO 29584 --- [SpringApplicationShutdownHook] j.LocalContainerEntityManagerFactoryBean : Closing JPA EntityManagerFactory for persistence unit 'default'
2026-06-16T19:47:31.263+01:00  INFO 29584 --- [SpringApplicationShutdownHook] com.zaxxer.hikari.HikariDataSource       : HikariPool-1 - Shutdown initiated...
2026-06-16T19:47:31.268+01:00  INFO 29584 --- [SpringApplicationShutdownHook] com.zaxxer.hikari.HikariDataSource       : HikariPool-1 - Shutdown completed.
