2026-03-25T21:39:15.581Z  INFO 1 --- [g2ii] [main] com.sagem.g2ii.G2iiApplication           : Starting G2iiApplication v0.0.1-SNAPSHOT using Java 17.0.18 with PID 1 (/app/app.jar started by root in /app)
2026-03-25T21:39:15.586Z  INFO 1 --- [g2ii] [main] com.sagem.g2ii.G2iiApplication           : No active profile set, falling back to 1 default profile: "default"
2026-03-25T21:39:16.883Z  INFO 1 --- [g2ii] [main] .s.d.r.c.RepositoryConfigurationDelegate : Bootstrapping Spring Data JPA repositories in DEFAULT mode.
2026-03-25T21:39:16.958Z  INFO 1 --- [g2ii] [main] .s.d.r.c.RepositoryConfigurationDelegate : Finished Spring Data repository scanning in 61 ms. Found 5 JPA repository interfaces.
2026-03-25T21:39:17.809Z  INFO 1 --- [g2ii] [main] o.s.boot.tomcat.TomcatWebServer          : Tomcat initialized with port 8081 (http)
2026-03-25T21:39:17.837Z  INFO 1 --- [g2ii] [main] o.apache.catalina.core.StandardService   : Starting service [Tomcat]
2026-03-25T21:39:17.838Z  INFO 1 --- [g2ii] [main] o.apache.catalina.core.StandardEngine    : Starting Servlet engine: [Apache Tomcat/11.0.18]
2026-03-25T21:39:17.892Z  INFO 1 --- [g2ii] [main] b.w.c.s.WebApplicationContextInitializer : Root WebApplicationContext: initialization completed in 2239 ms
2026-03-25T21:39:18.178Z  INFO 1 --- [g2ii] [main] org.hibernate.orm.jpa                    : HHH008540: Processing PersistenceUnitInfo [name: default]
2026-03-25T21:39:18.254Z  INFO 1 --- [g2ii] [main] org.hibernate.orm.core                   : HHH000001: Hibernate ORM core version 7.2.7.Final
2026-03-25T21:39:19.222Z  INFO 1 --- [g2ii] [main] o.s.o.j.p.SpringPersistenceUnitInfo      : No LoadTimeWeaver setup: ignoring JPA class transformer
2026-03-25T21:39:19.323Z  INFO 1 --- [g2ii] [main] com.zaxxer.hikari.HikariDataSource       : HikariPool-1 - Starting...
2026-03-25T21:39:19.702Z  INFO 1 --- [g2ii] [main] com.zaxxer.hikari.pool.HikariPool        : HikariPool-1 - Added connection org.postgresql.jdbc.PgConnection@460e5ffe
2026-03-25T21:39:19.705Z  INFO 1 --- [g2ii] [main] com.zaxxer.hikari.HikariDataSource       : HikariPool-1 - Start completed.
2026-03-25T21:39:19.754Z  WARN 1 --- [g2ii] [main] org.hibernate.orm.deprecation            : HHH90000025: PostgreSQLDialect does not need to be specified explicitly using 'hibernate.dialect' (remove the property setting and it will be selected by default)
2026-03-25T21:39:19.789Z  INFO 1 --- [g2ii] [main] org.hibernate.orm.connections.pooling    : HHH10001005: Database info:
	Database JDBC URL [jdbc:postgresql://ma-base-g2ii:5432/ouechtati]
	Database driver: PostgreSQL JDBC Driver
	Database dialect: PostgreSQLDialect
	Database version: 18.3
	Default catalog/schema: ouechtati/public
	Autocommit mode: undefined/unknown
	Isolation level: READ_COMMITTED [default READ_COMMITTED]
	JDBC fetch size: none
	Pool: DataSourceConnectionProvider
	Minimum pool size: undefined/unknown
	Maximum pool size: undefined/unknown
2026-03-25T21:39:21.522Z  INFO 1 --- [g2ii] [main] org.hibernate.orm.core                   : HHH000489: No JTA platform available (set 'hibernate.transaction.jta.platform' to enable JTA platform integration)
2026-03-25T21:39:21.596Z  INFO 1 --- [g2ii] [main] j.LocalContainerEntityManagerFactoryBean : Initialized JPA EntityManagerFactory for persistence unit 'default'
2026-03-25T21:39:21.711Z  INFO 1 --- [g2ii] [main] o.s.d.j.r.query.QueryEnhancerFactories   : Hibernate is in classpath; If applicable, HQL parser will be used.
2026-03-25T21:39:22.291Z  WARN 1 --- [g2ii] [main] JpaBaseConfiguration$JpaWebConfiguration : spring.jpa.open-in-view is enabled by default. Therefore, database queries may be performed during view rendering. Explicitly configure spring.jpa.open-in-view to disable this warning
2026-03-25T21:39:22.393Z  WARN 1 --- [g2ii] [main] .s.a.UserDetailsServiceAutoConfiguration : 

Using generated security password: 3c50b910-bef2-46f9-a252-04552689cccf

This generated password is for development use only. Your security configuration must be updated before running your application in production.

2026-03-25T21:39:22.406Z  INFO 1 --- [g2ii] [main] r$InitializeUserDetailsManagerConfigurer : Global AuthenticationManager configured with UserDetailsService bean with name inMemoryUserDetailsManager
2026-03-25T21:39:23.648Z  INFO 1 --- [g2ii] [main] o.s.boot.tomcat.TomcatWebServer          : Tomcat started on port 8081 (http) with context path '/'
2026-03-25T21:39:23.673Z  INFO 1 --- [g2ii] [main] com.sagem.g2ii.G2iiApplication           : Started G2iiApplication in 8.974 seconds (process running for 9.757)
2026-03-25T21:39:23.682Z  WARN 1 --- [g2ii] [main] o.s.core.events.SpringDocAppInitializer  : SpringDoc /v3/api-docs endpoint is enabled by default. To disable it in production, set the property 'springdoc.api-docs.enabled=false'
2026-03-25T21:39:23.683Z  WARN 1 --- [g2ii] [main] o.s.core.events.SpringDocAppInitializer  : SpringDoc /swagger-ui.html endpoint is enabled by default. To disable it in production, set the property 'springdoc.swagger-ui.enabled=false'
2026-03-25T21:43:38.618Z  INFO 1 --- [g2ii] [SpringApplicationShutdownHook] o.s.boot.tomcat.GracefulShutdown         : Commencing graceful shutdown. Waiting for active requests to complete
2026-03-25T21:43:38.628Z  INFO 1 --- [g2ii] [tomcat-shutdown] o.s.boot.tomcat.GracefulShutdown         : Graceful shutdown complete
2026-03-25T21:43:38.633Z  INFO 1 --- [g2ii] [SpringApplicationShutdownHook] j.LocalContainerEntityManagerFactoryBean : Closing JPA EntityManagerFactory for persistence unit 'default'
2026-03-25T21:43:38.636Z  INFO 1 --- [g2ii] [SpringApplicationShutdownHook] com.zaxxer.hikari.HikariDataSource       : HikariPool-1 - Shutdown initiated...
2026-03-25T21:43:38.642Z  INFO 1 --- [g2ii] [SpringApplicationShutdownHook] com.zaxxer.hikari.HikariDataSource       : HikariPool-1 - Shutdown completed.
